<?xml version="1.0" encoding="UTF-8"?>
<testng-results skipped="0" failed="2" total="5" passed="3">
  <reporter-output>
  </reporter-output>
  <suite name="Command line suite" duration-ms="20" started-at="2021-06-05T12:18:14Z" finished-at="2021-06-05T12:18:14Z">
    <groups>
    </groups>
    <test name="Command line test" duration-ms="20" started-at="2021-06-05T12:18:14Z" finished-at="2021-06-05T12:18:14Z">
      <class name="com.dezlearn.tests.Demo_Test">
        <test-method status="PASS" signature="beforeSuiteSetup()[pri:0, instance:com.dezlearn.tests.Demo_Test@668bc3d5]" name="beforeSuiteSetup" is-config="true" duration-ms="11" started-at="2021-06-05T17:48:14Z" finished-at="2021-06-05T17:48:14Z">
          <reporter-output>
          </reporter-output>
        </test-method> <!-- beforeSuiteSetup -->
        <test-method status="PASS" signature="beforeTestSetup()[pri:0, instance:com.dezlearn.tests.Demo_Test@668bc3d5]" name="beforeTestSetup" is-config="true" duration-ms="0" started-at="2021-06-05T17:48:14Z" finished-at="2021-06-05T17:48:14Z">
          <reporter-output>
          </reporter-output>
        </test-method> <!-- beforeTestSetup -->
        <test-method status="PASS" signature="beforeClassSetup()[pri:0, instance:com.dezlearn.tests.Demo_Test@668bc3d5]" name="beforeClassSetup" is-config="true" duration-ms="0" started-at="2021-06-05T17:48:14Z" finished-at="2021-06-05T17:48:14Z">
          <reporter-output>
          </reporter-output>
        </test-method> <!-- beforeClassSetup -->
        <test-method status="FAIL" signature="test2()[pri:0, instance:com.dezlearn.tests.Demo_Test@668bc3d5]" name="test2" duration-ms="3" started-at="2021-06-05T17:48:14Z" finished-at="2021-06-05T17:48:14Z">
          <exception class="java.lang.AssertionError">
            <message>
              <![CDATA[test 2 fails]]>
            </message>
            <full-stacktrace>
              <![CDATA[java.lang.AssertionError: test 2 fails
	at org.testng.Assert.fail(Assert.java:94)
	at com.dezlearn.tests.Demo_Test.test2(Demo_Test.java:67)
	at sun.reflect.NativeMethodAccessorImpl.invoke0(Native Method)
	at sun.reflect.NativeMethodAccessorImpl.invoke(NativeMethodAccessorImpl.java:62)
	at sun.reflect.DelegatingMethodAccessorImpl.invoke(DelegatingMethodAccessorImpl.java:43)
	at java.lang.reflect.Method.invoke(Method.java:498)
	at org.testng.internal.MethodInvocationHelper.invokeMethod(MethodInvocationHelper.java:80)
	at org.testng.internal.Invoker.invokeMethod(Invoker.java:714)
	at org.testng.internal.Invoker.invokeTestMethod(Invoker.java:901)
	at org.testng.internal.Invoker.invokeTestMethods(Invoker.java:1231)
	at org.testng.internal.TestMethodWorker.invokeTestMethods(TestMethodWorker.java:127)
	at org.testng.internal.TestMethodWorker.run(TestMethodWorker.java:111)
	at org.testng.TestRunner.privateRun(TestRunner.java:767)
	at org.testng.TestRunner.run(TestRunner.java:617)
	at org.testng.SuiteRunner.runTest(SuiteRunner.java:334)
	at org.testng.SuiteRunner.runSequentially(SuiteRunner.java:329)
	at org.testng.SuiteRunner.privateRun(SuiteRunner.java:291)
	at org.testng.SuiteRunner.run(SuiteRunner.java:240)
	at org.testng.SuiteRunnerWorker.runSuite(SuiteRunnerWorker.java:52)
	at org.testng.SuiteRunnerWorker.run(SuiteRunnerWorker.java:86)
	at org.testng.TestNG.runSuitesSequentially(TestNG.java:1198)
	at org.testng.TestNG.runSuitesLocally(TestNG.java:1123)
	at org.testng.TestNG.run(TestNG.java:1031)
	at org.apache.maven.surefire.testng.TestNGExecutor.run(TestNGExecutor.java:77)
	at org.apache.maven.surefire.testng.TestNGDirectoryTestSuite.executeMulti(TestNGDirectoryTestSuite.java:159)
	at org.apache.maven.surefire.testng.TestNGDirectoryTestSuite.execute(TestNGDirectoryTestSuite.java:99)
	at org.apache.maven.surefire.testng.TestNGProvider.invoke(TestNGProvider.java:106)
	at sun.reflect.NativeMethodAccessorImpl.invoke0(Native Method)
	at sun.reflect.NativeMethodAccessorImpl.invoke(NativeMethodAccessorImpl.java:62)
	at sun.reflect.DelegatingMethodAccessorImpl.invoke(DelegatingMethodAccessorImpl.java:43)
	at java.lang.reflect.Method.invoke(Method.java:498)
	at org.apache.maven.surefire.util.ReflectionUtils.invokeMethodWithArray(ReflectionUtils.java:189)
	at org.apache.maven.surefire.booter.ProviderFactory$ProviderProxy.invoke(ProviderFactory.java:165)
	at org.apache.maven.surefire.booter.ProviderFactory.invokeProvider(ProviderFactory.java:85)
	at org.apache.maven.surefire.booter.ForkedBooter.runSuitesInProcess(ForkedBooter.java:115)
	at org.apache.maven.surefire.booter.ForkedBooter.main(ForkedBooter.java:75)
]]>
            </full-stacktrace>
          </exception> <!-- java.lang.AssertionError -->
          <reporter-output>
          </reporter-output>
        </test-method> <!-- test2 -->
        <test-method status="PASS" signature="setup()[pri:0, instance:com.dezlearn.tests.Demo_Test@668bc3d5]" name="setup" is-config="true" duration-ms="0" started-at="2021-06-05T17:48:14Z" finished-at="2021-06-05T17:48:14Z">
          <reporter-output>
          </reporter-output>
        </test-method> <!-- setup -->
        <test-method status="PASS" signature="tearDown()[pri:0, instance:com.dezlearn.tests.Demo_Test@668bc3d5]" name="tearDown" is-config="true" duration-ms="1" started-at="2021-06-05T17:48:14Z" finished-at="2021-06-05T17:48:14Z">
          <reporter-output>
          </reporter-output>
        </test-method> <!-- tearDown -->
        <test-method status="PASS" signature="setup()[pri:0, instance:com.dezlearn.tests.Demo_Test@668bc3d5]" name="setup" is-config="true" duration-ms="0" started-at="2021-06-05T17:48:14Z" finished-at="2021-06-05T17:48:14Z">
          <reporter-output>
          </reporter-output>
        </test-method> <!-- setup -->
        <test-method status="FAIL" signature="test3()[pri:0, instance:com.dezlearn.tests.Demo_Test@668bc3d5]" name="test3" duration-ms="3" started-at="2021-06-05T17:48:14Z" finished-at="2021-06-05T17:48:14Z">
          <exception class="java.lang.AssertionError">
            <message>
              <![CDATA[test 3 fails]]>
            </message>
            <full-stacktrace>
              <![CDATA[java.lang.AssertionError: test 3 fails
	at org.testng.Assert.fail(Assert.java:94)
	at com.dezlearn.tests.Demo_Test.test3(Demo_Test.java:73)
	at sun.reflect.NativeMethodAccessorImpl.invoke0(Native Method)
	at sun.reflect.NativeMethodAccessorImpl.invoke(NativeMethodAccessorImpl.java:62)
	at sun.reflect.DelegatingMethodAccessorImpl.invoke(DelegatingMethodAccessorImpl.java:43)
	at java.lang.reflect.Method.invoke(Method.java:498)
	at org.testng.internal.MethodInvocationHelper.invokeMethod(MethodInvocationHelper.java:80)
	at org.testng.internal.Invoker.invokeMethod(Invoker.java:714)
	at org.testng.internal.Invoker.invokeTestMethod(Invoker.java:901)
	at org.testng.internal.Invoker.invokeTestMethods(Invoker.java:1231)
	at org.testng.internal.TestMethodWorker.invokeTestMethods(TestMethodWorker.java:127)
	at org.testng.internal.TestMethodWorker.run(TestMethodWorker.java:111)
	at org.testng.TestRunner.privateRun(TestRunner.java:767)
	at org.testng.TestRunner.run(TestRunner.java:617)
	at org.testng.SuiteRunner.runTest(SuiteRunner.java:334)
	at org.testng.SuiteRunner.runSequentially(SuiteRunner.java:329)
	at org.testng.SuiteRunner.privateRun(SuiteRunner.java:291)
	at org.testng.SuiteRunner.run(SuiteRunner.java:240)
	at org.testng.SuiteRunnerWorker.runSuite(SuiteRunnerWorker.java:52)
	at org.testng.SuiteRunnerWorker.run(SuiteRunnerWorker.java:86)
	at org.testng.TestNG.runSuitesSequentially(TestNG.java:1198)
	at org.testng.TestNG.runSuitesLocally(TestNG.java:1123)
	at org.testng.TestNG.run(TestNG.java:1031)
	at org.apache.maven.surefire.testng.TestNGExecutor.run(TestNGExecutor.java:77)
	at org.apache.maven.surefire.testng.TestNGDirectoryTestSuite.executeMulti(TestNGDirectoryTestSuite.java:159)
	at org.apache.maven.surefire.testng.TestNGDirectoryTestSuite.execute(TestNGDirectoryTestSuite.java:99)
	at org.apache.maven.surefire.testng.TestNGProvider.invoke(TestNGProvider.java:106)
	at sun.reflect.NativeMethodAccessorImpl.invoke0(Native Method)
	at sun.reflect.NativeMethodAccessorImpl.invoke(NativeMethodAccessorImpl.java:62)
	at sun.reflect.DelegatingMethodAccessorImpl.invoke(DelegatingMethodAccessorImpl.java:43)
	at java.lang.reflect.Method.invoke(Method.java:498)
	at org.apache.maven.surefire.util.ReflectionUtils.invokeMethodWithArray(ReflectionUtils.java:189)
	at org.apache.maven.surefire.booter.ProviderFactory$ProviderProxy.invoke(ProviderFactory.java:165)
	at org.apache.maven.surefire.booter.ProviderFactory.invokeProvider(ProviderFactory.java:85)
	at org.apache.maven.surefire.booter.ForkedBooter.runSuitesInProcess(ForkedBooter.java:115)
	at org.apache.maven.surefire.booter.ForkedBooter.main(ForkedBooter.java:75)
]]>
            </full-stacktrace>
          </exception> <!-- java.lang.AssertionError -->
          <reporter-output>
          </reporter-output>
        </test-method> <!-- test3 -->
        <test-method status="PASS" signature="tearDown()[pri:0, instance:com.dezlearn.tests.Demo_Test@668bc3d5]" name="tearDown" is-config="true" duration-ms="0" started-at="2021-06-05T17:48:14Z" finished-at="2021-06-05T17:48:14Z">
          <reporter-output>
          </reporter-output>
        </test-method> <!-- tearDown -->
        <test-method status="PASS" signature="tearDown()[pri:0, instance:com.dezlearn.tests.Demo_Test@668bc3d5]" name="tearDown" is-config="true" duration-ms="0" started-at="2021-06-05T17:48:14Z" finished-at="2021-06-05T17:48:14Z">
          <reporter-output>
          </reporter-output>
        </test-method> <!-- tearDown -->
        <test-method status="PASS" signature="setup()[pri:0, instance:com.dezlearn.tests.Demo_Test@668bc3d5]" name="setup" is-config="true" duration-ms="0" started-at="2021-06-05T17:48:14Z" finished-at="2021-06-05T17:48:14Z">
          <reporter-output>
          </reporter-output>
        </test-method> <!-- setup -->
        <test-method status="PASS" signature="test5()[pri:0, instance:com.dezlearn.tests.Demo_Test@668bc3d5]" name="test5" duration-ms="0" started-at="2021-06-05T17:48:14Z" finished-at="2021-06-05T17:48:14Z">
          <reporter-output>
          </reporter-output>
        </test-method> <!-- test5 -->
        <test-method status="PASS" signature="setup()[pri:0, instance:com.dezlearn.tests.Demo_Test@668bc3d5]" name="setup" is-config="true" duration-ms="0" started-at="2021-06-05T17:48:14Z" finished-at="2021-06-05T17:48:14Z">
          <reporter-output>
          </reporter-output>
        </test-method> <!-- setup -->
        <test-method status="PASS" signature="test4()[pri:0, instance:com.dezlearn.tests.Demo_Test@668bc3d5]" name="test4" duration-ms="0" started-at="2021-06-05T17:48:14Z" finished-at="2021-06-05T17:48:14Z">
          <reporter-output>
          </reporter-output>
        </test-method> <!-- test4 -->
        <test-method status="PASS" signature="tearDown()[pri:0, instance:com.dezlearn.tests.Demo_Test@668bc3d5]" name="tearDown" is-config="true" duration-ms="0" started-at="2021-06-05T17:48:14Z" finished-at="2021-06-05T17:48:14Z">
          <reporter-output>
          </reporter-output>
        </test-method> <!-- tearDown -->
        <test-method status="PASS" signature="tearDown()[pri:0, instance:com.dezlearn.tests.Demo_Test@668bc3d5]" name="tearDown" is-config="true" duration-ms="1" started-at="2021-06-05T17:48:14Z" finished-at="2021-06-05T17:48:14Z">
          <reporter-output>
          </reporter-output>
        </test-method> <!-- tearDown -->
        <test-method status="PASS" signature="test1()[pri:0, instance:com.dezlearn.tests.Demo_Test@668bc3d5]" name="test1" duration-ms="0" started-at="2021-06-05T17:48:14Z" depends-on-methods="com.dezlearn.tests.Demo_Test.test2, com.dezlearn.tests.Demo_Test.test3" finished-at="2021-06-05T17:48:14Z">
          <reporter-output>
          </reporter-output>
        </test-method> <!-- test1 -->
        <test-method status="PASS" signature="setup()[pri:0, instance:com.dezlearn.tests.Demo_Test@668bc3d5]" name="setup" is-config="true" duration-ms="0" started-at="2021-06-05T17:48:14Z" finished-at="2021-06-05T17:48:14Z">
          <reporter-output>
          </reporter-output>
        </test-method> <!-- setup -->
        <test-method status="PASS" signature="afterClassTearDown()[pri:0, instance:com.dezlearn.tests.Demo_Test@668bc3d5]" name="afterClassTearDown" is-config="true" duration-ms="0" started-at="2021-06-05T17:48:14Z" finished-at="2021-06-05T17:48:14Z">
          <reporter-output>
          </reporter-output>
        </test-method> <!-- afterClassTearDown -->
        <test-method status="PASS" signature="afterTestTearDown()[pri:0, instance:com.dezlearn.tests.Demo_Test@668bc3d5]" name="afterTestTearDown" is-config="true" duration-ms="0" started-at="2021-06-05T17:48:14Z" finished-at="2021-06-05T17:48:14Z">
          <reporter-output>
          </reporter-output>
        </test-method> <!-- afterTestTearDown -->
        <test-method status="PASS" signature="afterSuiteTestDown()[pri:0, instance:com.dezlearn.tests.Demo_Test@668bc3d5]" name="afterSuiteTestDown" is-config="true" duration-ms="1" started-at="2021-06-05T17:48:14Z" finished-at="2021-06-05T17:48:14Z">
          <reporter-output>
          </reporter-output>
        </test-method> <!-- afterSuiteTestDown -->
      </class> <!-- com.dezlearn.tests.Demo_Test -->
    </test> <!-- Command line test -->
  </suite> <!-- Command line suite -->
</testng-results>
