<?xml version="1.0" encoding="UTF-8"?>
<!-- Generated by org.testng.reporters.JUnitXMLReporter -->
<testsuite hostname="DESKTOP-4NNUI12" ignored="2" name="Release 2.0 Methods" tests="5" failures="0" timestamp="2021-06-09T00:24:07 IST" time="16.886" errors="0">
  <testcase name="@BeforeMethod setUp" time="6.459" classname="com.dezlearn.tests.AbstractBaseTest">
    <failure type="org.openqa.selenium.WebDriverException" message="unknown error: Chrome failed to start: exited normally.
  (unknown error: DevToolsActivePort file doesn&amp;apos;t exist)
  (The process started from chrome location C:\Program Files (x86)\Google\Chrome\Application\chrome.exe is no longer running, so ChromeDriver is assuming that Chrome has crashed.)
Build info: version: &amp;apos;3.12.0&amp;apos;, revision: &amp;apos;7c6e0b3&amp;apos;, time: &amp;apos;2018-05-08T14:04:26.12Z&amp;apos;
System info: host: &amp;apos;DESKTOP-4NNUI12&amp;apos;, ip: &amp;apos;192.168.56.1&amp;apos;, os.name: &amp;apos;Windows 10&amp;apos;, os.arch: &amp;apos;amd64&amp;apos;, os.version: &amp;apos;10.0&amp;apos;, java.version: &amp;apos;1.8.0_251&amp;apos;
Driver info: driver.version: ChromeDriver
remote stacktrace: Backtrace:
	Ordinal0 [0x00FAC0C3+3326147]
	Ordinal0 [0x00E90851+2164817]
	Ordinal0 [0x00D17298+619160]
	Ordinal0 [0x00C8E4CB+58571]
	Ordinal0 [0x00C8C38A+50058]
	Ordinal0 [0x00CB5F3E+220990]
	Ordinal0 [0x00CB5CAC+220332]
	Ordinal0 [0x00CB189B+202907]
	Ordinal0 [0x00C93DF4+81396]
	Ordinal0 [0x00C94DEE+85486]
	Ordinal0 [0x00C94D79+85369]
	Ordinal0 [0x00EA85DC+2262492]
	GetHandleVerifier [0x01132874+1487204]
	GetHandleVerifier [0x011323CD+1486013]
	GetHandleVerifier [0x0113A368+1518680]
	GetHandleVerifier [0x01132F4E+1488958]
	Ordinal0 [0x00E9ED0D+2223373]
	Ordinal0 [0x00EAA12B+2269483]
	Ordinal0 [0x00EAA26F+2269807]
	Ordinal0 [0x00EBECB8+2354360]
	BaseThreadInitThunk [0x7603FA29+25]
	RtlGetAppContainerNamedObjectPath [0x77297A4E+286]
	RtlGetAppContainerNamedObjectPath [0x77297A1E+238]
">
      <![CDATA[org.openqa.selenium.WebDriverException: unknown error: Chrome failed to start: exited normally.
  (unknown error: DevToolsActivePort file doesn't exist)
  (The process started from chrome location C:\Program Files (x86)\Google\Chrome\Application\chrome.exe is no longer running, so ChromeDriver is assuming that Chrome has crashed.)
Build info: version: '3.12.0', revision: '7c6e0b3', time: '2018-05-08T14:04:26.12Z'
System info: host: 'DESKTOP-4NNUI12', ip: '192.168.56.1', os.name: 'Windows 10', os.arch: 'amd64', os.version: '10.0', java.version: '1.8.0_251'
Driver info: driver.version: ChromeDriver
remote stacktrace: Backtrace:
Ordinal0 [0x00FAC0C3+3326147]
Ordinal0 [0x00E90851+2164817]
Ordinal0 [0x00D17298+619160]
Ordinal0 [0x00C8E4CB+58571]
Ordinal0 [0x00C8C38A+50058]
Ordinal0 [0x00CB5F3E+220990]
Ordinal0 [0x00CB5CAC+220332]
Ordinal0 [0x00CB189B+202907]
Ordinal0 [0x00C93DF4+81396]
Ordinal0 [0x00C94DEE+85486]
Ordinal0 [0x00C94D79+85369]
Ordinal0 [0x00EA85DC+2262492]
GetHandleVerifier [0x01132874+1487204]
GetHandleVerifier [0x011323CD+1486013]
GetHandleVerifier [0x0113A368+1518680]
GetHandleVerifier [0x01132F4E+1488958]
Ordinal0 [0x00E9ED0D+2223373]
Ordinal0 [0x00EAA12B+2269483]
Ordinal0 [0x00EAA26F+2269807]
Ordinal0 [0x00EBECB8+2354360]
BaseThreadInitThunk [0x7603FA29+25]
RtlGetAppContainerNamedObjectPath [0x77297A4E+286]
RtlGetAppContainerNamedObjectPath [0x77297A1E+238]

at org.openqa.selenium.remote.W3CHandshakeResponse.lambda$new$0(W3CHandshakeResponse.java:57)
at org.openqa.selenium.remote.W3CHandshakeResponse.lambda$getResponseFunction$2(W3CHandshakeResponse.java:104)
at org.openqa.selenium.remote.ProtocolHandshake.lambda$createSession$0(ProtocolHandshake.java:123)
at java.util.stream.ReferencePipeline$3$1.accept(Unknown Source)
at java.util.Spliterators$ArraySpliterator.tryAdvance(Unknown Source)
at java.util.stream.ReferencePipeline.forEachWithCancel(Unknown Source)
at java.util.stream.AbstractPipeline.copyIntoWithCancel(Unknown Source)
at java.util.stream.AbstractPipeline.copyInto(Unknown Source)
at java.util.stream.AbstractPipeline.wrapAndCopyInto(Unknown Source)
at java.util.stream.FindOps$FindOp.evaluateSequential(Unknown Source)
at java.util.stream.AbstractPipeline.evaluate(Unknown Source)
at java.util.stream.ReferencePipeline.findFirst(Unknown Source)
at org.openqa.selenium.remote.ProtocolHandshake.createSession(ProtocolHandshake.java:126)
at org.openqa.selenium.remote.ProtocolHandshake.createSession(ProtocolHandshake.java:73)
at org.openqa.selenium.remote.HttpCommandExecutor.execute(HttpCommandExecutor.java:136)
at org.openqa.selenium.remote.service.DriverCommandExecutor.execute(DriverCommandExecutor.java:83)
at org.openqa.selenium.remote.RemoteWebDriver.execute(RemoteWebDriver.java:543)
at org.openqa.selenium.remote.RemoteWebDriver.startSession(RemoteWebDriver.java:207)
at org.openqa.selenium.remote.RemoteWebDriver.<init>(RemoteWebDriver.java:130)
at org.openqa.selenium.chrome.ChromeDriver.<init>(ChromeDriver.java:181)
at org.openqa.selenium.chrome.ChromeDriver.<init>(ChromeDriver.java:168)
at org.openqa.selenium.chrome.ChromeDriver.<init>(ChromeDriver.java:123)
at com.dezlearn.tests.AbstractBaseTest.setUp(AbstractBaseTest.java:33)
at java.util.ArrayList.forEach(Unknown Source)
... Removed 35 stack frames]]>
    </failure>
  </testcase> <!-- @BeforeMethod setUp -->
  <testcase name="@AfterMethod teardown" time="0.001" classname="com.dezlearn.tests.AbstractBaseTest">
    <failure type="java.lang.NullPointerException">
      <![CDATA[java.lang.NullPointerException
at com.dezlearn.tests.AbstractBaseTest.teardown(AbstractBaseTest.java:47)
at java.util.ArrayList.forEach(Unknown Source)
... Removed 32 stack frames]]>
    </failure>
  </testcase> <!-- @AfterMethod teardown -->
  <testcase name="@AfterClass afterClassSetup" time="-1.623178437328E9" classname="com.dezlearn.tests.EbayHome_Sanity">
    <skipped/>
  </testcase> <!-- @AfterClass afterClassSetup -->
  <testcase name="@BeforeMethod setUp" time="4.858" classname="com.dezlearn.tests.AbstractBaseTest">
    <failure type="org.openqa.selenium.SessionNotCreatedException" message="session not created: This version of ChromeDriver only supports Chrome version 87
Current browser version is 91.0.4472.77 with binary path C:\Program Files (x86)\Google\Chrome\Application\chrome.exe
Build info: version: &amp;apos;3.12.0&amp;apos;, revision: &amp;apos;7c6e0b3&amp;apos;, time: &amp;apos;2018-05-08T14:04:26.12Z&amp;apos;
System info: host: &amp;apos;DESKTOP-4NNUI12&amp;apos;, ip: &amp;apos;192.168.56.1&amp;apos;, os.name: &amp;apos;Windows 10&amp;apos;, os.arch: &amp;apos;amd64&amp;apos;, os.version: &amp;apos;10.0&amp;apos;, java.version: &amp;apos;1.8.0_251&amp;apos;
Driver info: driver.version: ChromeDriver
remote stacktrace: Backtrace:
	Ordinal0 [0x00FAC0C3+3326147]
	Ordinal0 [0x00E90851+2164817]
	Ordinal0 [0x00D17298+619160]
	Ordinal0 [0x00C91D92+73106]
	Ordinal0 [0x00C8E119+57625]
	Ordinal0 [0x00C8C38A+50058]
	Ordinal0 [0x00CB5F3E+220990]
	Ordinal0 [0x00CB5CAC+220332]
	Ordinal0 [0x00CB189B+202907]
	Ordinal0 [0x00C93DF4+81396]
	Ordinal0 [0x00C94DEE+85486]
	Ordinal0 [0x00C94D79+85369]
	Ordinal0 [0x00EA85DC+2262492]
	GetHandleVerifier [0x01132874+1487204]
	GetHandleVerifier [0x011323CD+1486013]
	GetHandleVerifier [0x0113A368+1518680]
	GetHandleVerifier [0x01132F4E+1488958]
	Ordinal0 [0x00E9ED0D+2223373]
	Ordinal0 [0x00EAA12B+2269483]
	Ordinal0 [0x00EAA26F+2269807]
	Ordinal0 [0x00EBECB8+2354360]
	BaseThreadInitThunk [0x7603FA29+25]
	RtlGetAppContainerNamedObjectPath [0x77297A4E+286]
	RtlGetAppContainerNamedObjectPath [0x77297A1E+238]
">
      <![CDATA[org.openqa.selenium.SessionNotCreatedException: session not created: This version of ChromeDriver only supports Chrome version 87
Current browser version is 91.0.4472.77 with binary path C:\Program Files (x86)\Google\Chrome\Application\chrome.exe
Build info: version: '3.12.0', revision: '7c6e0b3', time: '2018-05-08T14:04:26.12Z'
System info: host: 'DESKTOP-4NNUI12', ip: '192.168.56.1', os.name: 'Windows 10', os.arch: 'amd64', os.version: '10.0', java.version: '1.8.0_251'
Driver info: driver.version: ChromeDriver
remote stacktrace: Backtrace:
Ordinal0 [0x00FAC0C3+3326147]
Ordinal0 [0x00E90851+2164817]
Ordinal0 [0x00D17298+619160]
Ordinal0 [0x00C91D92+73106]
Ordinal0 [0x00C8E119+57625]
Ordinal0 [0x00C8C38A+50058]
Ordinal0 [0x00CB5F3E+220990]
Ordinal0 [0x00CB5CAC+220332]
Ordinal0 [0x00CB189B+202907]
Ordinal0 [0x00C93DF4+81396]
Ordinal0 [0x00C94DEE+85486]
Ordinal0 [0x00C94D79+85369]
Ordinal0 [0x00EA85DC+2262492]
GetHandleVerifier [0x01132874+1487204]
GetHandleVerifier [0x011323CD+1486013]
GetHandleVerifier [0x0113A368+1518680]
GetHandleVerifier [0x01132F4E+1488958]
Ordinal0 [0x00E9ED0D+2223373]
Ordinal0 [0x00EAA12B+2269483]
Ordinal0 [0x00EAA26F+2269807]
Ordinal0 [0x00EBECB8+2354360]
BaseThreadInitThunk [0x7603FA29+25]
RtlGetAppContainerNamedObjectPath [0x77297A4E+286]
RtlGetAppContainerNamedObjectPath [0x77297A1E+238]

at org.openqa.selenium.remote.W3CHandshakeResponse.lambda$new$0(W3CHandshakeResponse.java:57)
at org.openqa.selenium.remote.W3CHandshakeResponse.lambda$getResponseFunction$2(W3CHandshakeResponse.java:104)
at org.openqa.selenium.remote.ProtocolHandshake.lambda$createSession$0(ProtocolHandshake.java:123)
at java.util.stream.ReferencePipeline$3$1.accept(Unknown Source)
at java.util.Spliterators$ArraySpliterator.tryAdvance(Unknown Source)
at java.util.stream.ReferencePipeline.forEachWithCancel(Unknown Source)
at java.util.stream.AbstractPipeline.copyIntoWithCancel(Unknown Source)
at java.util.stream.AbstractPipeline.copyInto(Unknown Source)
at java.util.stream.AbstractPipeline.wrapAndCopyInto(Unknown Source)
at java.util.stream.FindOps$FindOp.evaluateSequential(Unknown Source)
at java.util.stream.AbstractPipeline.evaluate(Unknown Source)
at java.util.stream.ReferencePipeline.findFirst(Unknown Source)
at org.openqa.selenium.remote.ProtocolHandshake.createSession(ProtocolHandshake.java:126)
at org.openqa.selenium.remote.ProtocolHandshake.createSession(ProtocolHandshake.java:73)
at org.openqa.selenium.remote.HttpCommandExecutor.execute(HttpCommandExecutor.java:136)
at org.openqa.selenium.remote.service.DriverCommandExecutor.execute(DriverCommandExecutor.java:83)
at org.openqa.selenium.remote.RemoteWebDriver.execute(RemoteWebDriver.java:543)
at org.openqa.selenium.remote.RemoteWebDriver.startSession(RemoteWebDriver.java:207)
at org.openqa.selenium.remote.RemoteWebDriver.<init>(RemoteWebDriver.java:130)
at org.openqa.selenium.chrome.ChromeDriver.<init>(ChromeDriver.java:181)
at org.openqa.selenium.chrome.ChromeDriver.<init>(ChromeDriver.java:168)
at org.openqa.selenium.chrome.ChromeDriver.<init>(ChromeDriver.java:123)
at com.dezlearn.tests.AbstractBaseTest.setUp(AbstractBaseTest.java:33)
at java.util.ArrayList.forEach(Unknown Source)
... Removed 35 stack frames]]>
    </failure>
  </testcase> <!-- @BeforeMethod setUp -->
  <testcase name="@AfterMethod teardown" time="0.0" classname="com.dezlearn.tests.AbstractBaseTest">
    <failure type="java.lang.NullPointerException">
      <![CDATA[java.lang.NullPointerException
at com.dezlearn.tests.AbstractBaseTest.teardown(AbstractBaseTest.java:47)
at java.util.ArrayList.forEach(Unknown Source)
... Removed 32 stack frames]]>
    </failure>
  </testcase> <!-- @AfterMethod teardown -->
  <testcase name="@BeforeMethod setUp" time="2.049" classname="com.dezlearn.tests.AbstractBaseTest">
    <failure type="org.openqa.selenium.SessionNotCreatedException" message="session not created: This version of ChromeDriver only supports Chrome version 87
Current browser version is 91.0.4472.77 with binary path C:\Program Files (x86)\Google\Chrome\Application\chrome.exe
Build info: version: &amp;apos;3.12.0&amp;apos;, revision: &amp;apos;7c6e0b3&amp;apos;, time: &amp;apos;2018-05-08T14:04:26.12Z&amp;apos;
System info: host: &amp;apos;DESKTOP-4NNUI12&amp;apos;, ip: &amp;apos;192.168.56.1&amp;apos;, os.name: &amp;apos;Windows 10&amp;apos;, os.arch: &amp;apos;amd64&amp;apos;, os.version: &amp;apos;10.0&amp;apos;, java.version: &amp;apos;1.8.0_251&amp;apos;
Driver info: driver.version: ChromeDriver
remote stacktrace: Backtrace:
	Ordinal0 [0x00FAC0C3+3326147]
	Ordinal0 [0x00E90851+2164817]
	Ordinal0 [0x00D17298+619160]
	Ordinal0 [0x00C91D92+73106]
	Ordinal0 [0x00C8E119+57625]
	Ordinal0 [0x00C8C38A+50058]
	Ordinal0 [0x00CB5F3E+220990]
	Ordinal0 [0x00CB5CAC+220332]
	Ordinal0 [0x00CB189B+202907]
	Ordinal0 [0x00C93DF4+81396]
	Ordinal0 [0x00C94DEE+85486]
	Ordinal0 [0x00C94D79+85369]
	Ordinal0 [0x00EA85DC+2262492]
	GetHandleVerifier [0x01132874+1487204]
	GetHandleVerifier [0x011323CD+1486013]
	GetHandleVerifier [0x0113A368+1518680]
	GetHandleVerifier [0x01132F4E+1488958]
	Ordinal0 [0x00E9ED0D+2223373]
	Ordinal0 [0x00EAA12B+2269483]
	Ordinal0 [0x00EAA26F+2269807]
	Ordinal0 [0x00EBECB8+2354360]
	BaseThreadInitThunk [0x7603FA29+25]
	RtlGetAppContainerNamedObjectPath [0x77297A4E+286]
	RtlGetAppContainerNamedObjectPath [0x77297A1E+238]
">
      <![CDATA[org.openqa.selenium.SessionNotCreatedException: session not created: This version of ChromeDriver only supports Chrome version 87
Current browser version is 91.0.4472.77 with binary path C:\Program Files (x86)\Google\Chrome\Application\chrome.exe
Build info: version: '3.12.0', revision: '7c6e0b3', time: '2018-05-08T14:04:26.12Z'
System info: host: 'DESKTOP-4NNUI12', ip: '192.168.56.1', os.name: 'Windows 10', os.arch: 'amd64', os.version: '10.0', java.version: '1.8.0_251'
Driver info: driver.version: ChromeDriver
remote stacktrace: Backtrace:
Ordinal0 [0x00FAC0C3+3326147]
Ordinal0 [0x00E90851+2164817]
Ordinal0 [0x00D17298+619160]
Ordinal0 [0x00C91D92+73106]
Ordinal0 [0x00C8E119+57625]
Ordinal0 [0x00C8C38A+50058]
Ordinal0 [0x00CB5F3E+220990]
Ordinal0 [0x00CB5CAC+220332]
Ordinal0 [0x00CB189B+202907]
Ordinal0 [0x00C93DF4+81396]
Ordinal0 [0x00C94DEE+85486]
Ordinal0 [0x00C94D79+85369]
Ordinal0 [0x00EA85DC+2262492]
GetHandleVerifier [0x01132874+1487204]
GetHandleVerifier [0x011323CD+1486013]
GetHandleVerifier [0x0113A368+1518680]
GetHandleVerifier [0x01132F4E+1488958]
Ordinal0 [0x00E9ED0D+2223373]
Ordinal0 [0x00EAA12B+2269483]
Ordinal0 [0x00EAA26F+2269807]
Ordinal0 [0x00EBECB8+2354360]
BaseThreadInitThunk [0x7603FA29+25]
RtlGetAppContainerNamedObjectPath [0x77297A4E+286]
RtlGetAppContainerNamedObjectPath [0x77297A1E+238]

at org.openqa.selenium.remote.W3CHandshakeResponse.lambda$new$0(W3CHandshakeResponse.java:57)
at org.openqa.selenium.remote.W3CHandshakeResponse.lambda$getResponseFunction$2(W3CHandshakeResponse.java:104)
at org.openqa.selenium.remote.ProtocolHandshake.lambda$createSession$0(ProtocolHandshake.java:123)
at java.util.stream.ReferencePipeline$3$1.accept(Unknown Source)
at java.util.Spliterators$ArraySpliterator.tryAdvance(Unknown Source)
at java.util.stream.ReferencePipeline.forEachWithCancel(Unknown Source)
at java.util.stream.AbstractPipeline.copyIntoWithCancel(Unknown Source)
at java.util.stream.AbstractPipeline.copyInto(Unknown Source)
at java.util.stream.AbstractPipeline.wrapAndCopyInto(Unknown Source)
at java.util.stream.FindOps$FindOp.evaluateSequential(Unknown Source)
at java.util.stream.AbstractPipeline.evaluate(Unknown Source)
at java.util.stream.ReferencePipeline.findFirst(Unknown Source)
at org.openqa.selenium.remote.ProtocolHandshake.createSession(ProtocolHandshake.java:126)
at org.openqa.selenium.remote.ProtocolHandshake.createSession(ProtocolHandshake.java:73)
at org.openqa.selenium.remote.HttpCommandExecutor.execute(HttpCommandExecutor.java:136)
at org.openqa.selenium.remote.service.DriverCommandExecutor.execute(DriverCommandExecutor.java:83)
at org.openqa.selenium.remote.RemoteWebDriver.execute(RemoteWebDriver.java:543)
at org.openqa.selenium.remote.RemoteWebDriver.startSession(RemoteWebDriver.java:207)
at org.openqa.selenium.remote.RemoteWebDriver.<init>(RemoteWebDriver.java:130)
at org.openqa.selenium.chrome.ChromeDriver.<init>(ChromeDriver.java:181)
at org.openqa.selenium.chrome.ChromeDriver.<init>(ChromeDriver.java:168)
at org.openqa.selenium.chrome.ChromeDriver.<init>(ChromeDriver.java:123)
at com.dezlearn.tests.AbstractBaseTest.setUp(AbstractBaseTest.java:33)
at java.util.ArrayList.forEach(Unknown Source)
... Removed 35 stack frames]]>
    </failure>
  </testcase> <!-- @BeforeMethod setUp -->
  <testcase name="@AfterMethod teardown" time="0.001" classname="com.dezlearn.tests.AbstractBaseTest">
    <failure type="java.lang.NullPointerException">
      <![CDATA[java.lang.NullPointerException
at com.dezlearn.tests.AbstractBaseTest.teardown(AbstractBaseTest.java:47)
at java.util.ArrayList.forEach(Unknown Source)
... Removed 32 stack frames]]>
    </failure>
  </testcase> <!-- @AfterMethod teardown -->
  <testcase name="@BeforeMethod setUp" time="1.746" classname="com.dezlearn.tests.AbstractBaseTest">
    <failure type="org.openqa.selenium.SessionNotCreatedException" message="session not created: This version of ChromeDriver only supports Chrome version 87
Current browser version is 91.0.4472.77 with binary path C:\Program Files (x86)\Google\Chrome\Application\chrome.exe
Build info: version: &amp;apos;3.12.0&amp;apos;, revision: &amp;apos;7c6e0b3&amp;apos;, time: &amp;apos;2018-05-08T14:04:26.12Z&amp;apos;
System info: host: &amp;apos;DESKTOP-4NNUI12&amp;apos;, ip: &amp;apos;192.168.56.1&amp;apos;, os.name: &amp;apos;Windows 10&amp;apos;, os.arch: &amp;apos;amd64&amp;apos;, os.version: &amp;apos;10.0&amp;apos;, java.version: &amp;apos;1.8.0_251&amp;apos;
Driver info: driver.version: ChromeDriver
remote stacktrace: Backtrace:
	Ordinal0 [0x00FAC0C3+3326147]
	Ordinal0 [0x00E90851+2164817]
	Ordinal0 [0x00D17298+619160]
	Ordinal0 [0x00C91D92+73106]
	Ordinal0 [0x00C8E119+57625]
	Ordinal0 [0x00C8C38A+50058]
	Ordinal0 [0x00CB5F3E+220990]
	Ordinal0 [0x00CB5CAC+220332]
	Ordinal0 [0x00CB189B+202907]
	Ordinal0 [0x00C93DF4+81396]
	Ordinal0 [0x00C94DEE+85486]
	Ordinal0 [0x00C94D79+85369]
	Ordinal0 [0x00EA85DC+2262492]
	GetHandleVerifier [0x01132874+1487204]
	GetHandleVerifier [0x011323CD+1486013]
	GetHandleVerifier [0x0113A368+1518680]
	GetHandleVerifier [0x01132F4E+1488958]
	Ordinal0 [0x00E9ED0D+2223373]
	Ordinal0 [0x00EAA12B+2269483]
	Ordinal0 [0x00EAA26F+2269807]
	Ordinal0 [0x00EBECB8+2354360]
	BaseThreadInitThunk [0x7603FA29+25]
	RtlGetAppContainerNamedObjectPath [0x77297A4E+286]
	RtlGetAppContainerNamedObjectPath [0x77297A1E+238]
">
      <![CDATA[org.openqa.selenium.SessionNotCreatedException: session not created: This version of ChromeDriver only supports Chrome version 87
Current browser version is 91.0.4472.77 with binary path C:\Program Files (x86)\Google\Chrome\Application\chrome.exe
Build info: version: '3.12.0', revision: '7c6e0b3', time: '2018-05-08T14:04:26.12Z'
System info: host: 'DESKTOP-4NNUI12', ip: '192.168.56.1', os.name: 'Windows 10', os.arch: 'amd64', os.version: '10.0', java.version: '1.8.0_251'
Driver info: driver.version: ChromeDriver
remote stacktrace: Backtrace:
Ordinal0 [0x00FAC0C3+3326147]
Ordinal0 [0x00E90851+2164817]
Ordinal0 [0x00D17298+619160]
Ordinal0 [0x00C91D92+73106]
Ordinal0 [0x00C8E119+57625]
Ordinal0 [0x00C8C38A+50058]
Ordinal0 [0x00CB5F3E+220990]
Ordinal0 [0x00CB5CAC+220332]
Ordinal0 [0x00CB189B+202907]
Ordinal0 [0x00C93DF4+81396]
Ordinal0 [0x00C94DEE+85486]
Ordinal0 [0x00C94D79+85369]
Ordinal0 [0x00EA85DC+2262492]
GetHandleVerifier [0x01132874+1487204]
GetHandleVerifier [0x011323CD+1486013]
GetHandleVerifier [0x0113A368+1518680]
GetHandleVerifier [0x01132F4E+1488958]
Ordinal0 [0x00E9ED0D+2223373]
Ordinal0 [0x00EAA12B+2269483]
Ordinal0 [0x00EAA26F+2269807]
Ordinal0 [0x00EBECB8+2354360]
BaseThreadInitThunk [0x7603FA29+25]
RtlGetAppContainerNamedObjectPath [0x77297A4E+286]
RtlGetAppContainerNamedObjectPath [0x77297A1E+238]

at org.openqa.selenium.remote.W3CHandshakeResponse.lambda$new$0(W3CHandshakeResponse.java:57)
at org.openqa.selenium.remote.W3CHandshakeResponse.lambda$getResponseFunction$2(W3CHandshakeResponse.java:104)
at org.openqa.selenium.remote.ProtocolHandshake.lambda$createSession$0(ProtocolHandshake.java:123)
at java.util.stream.ReferencePipeline$3$1.accept(Unknown Source)
at java.util.Spliterators$ArraySpliterator.tryAdvance(Unknown Source)
at java.util.stream.ReferencePipeline.forEachWithCancel(Unknown Source)
at java.util.stream.AbstractPipeline.copyIntoWithCancel(Unknown Source)
at java.util.stream.AbstractPipeline.copyInto(Unknown Source)
at java.util.stream.AbstractPipeline.wrapAndCopyInto(Unknown Source)
at java.util.stream.FindOps$FindOp.evaluateSequential(Unknown Source)
at java.util.stream.AbstractPipeline.evaluate(Unknown Source)
at java.util.stream.ReferencePipeline.findFirst(Unknown Source)
at org.openqa.selenium.remote.ProtocolHandshake.createSession(ProtocolHandshake.java:126)
at org.openqa.selenium.remote.ProtocolHandshake.createSession(ProtocolHandshake.java:73)
at org.openqa.selenium.remote.HttpCommandExecutor.execute(HttpCommandExecutor.java:136)
at org.openqa.selenium.remote.service.DriverCommandExecutor.execute(DriverCommandExecutor.java:83)
at org.openqa.selenium.remote.RemoteWebDriver.execute(RemoteWebDriver.java:543)
at org.openqa.selenium.remote.RemoteWebDriver.startSession(RemoteWebDriver.java:207)
at org.openqa.selenium.remote.RemoteWebDriver.<init>(RemoteWebDriver.java:130)
at org.openqa.selenium.chrome.ChromeDriver.<init>(ChromeDriver.java:181)
at org.openqa.selenium.chrome.ChromeDriver.<init>(ChromeDriver.java:168)
at org.openqa.selenium.chrome.ChromeDriver.<init>(ChromeDriver.java:123)
at com.dezlearn.tests.AbstractBaseTest.setUp(AbstractBaseTest.java:33)
at java.util.ArrayList.forEach(Unknown Source)
... Removed 35 stack frames]]>
    </failure>
  </testcase> <!-- @BeforeMethod setUp -->
  <testcase name="@AfterMethod teardown" time="0.001" classname="com.dezlearn.tests.AbstractBaseTest">
    <failure type="java.lang.NullPointerException">
      <![CDATA[java.lang.NullPointerException
at com.dezlearn.tests.AbstractBaseTest.teardown(AbstractBaseTest.java:47)
at java.util.ArrayList.forEach(Unknown Source)
... Removed 32 stack frames]]>
    </failure>
  </testcase> <!-- @AfterMethod teardown -->
  <testcase name="@BeforeMethod setUp" time="1.535" classname="com.dezlearn.tests.AbstractBaseTest">
    <failure type="org.openqa.selenium.SessionNotCreatedException" message="session not created: This version of ChromeDriver only supports Chrome version 87
Current browser version is 91.0.4472.77 with binary path C:\Program Files (x86)\Google\Chrome\Application\chrome.exe
Build info: version: &amp;apos;3.12.0&amp;apos;, revision: &amp;apos;7c6e0b3&amp;apos;, time: &amp;apos;2018-05-08T14:04:26.12Z&amp;apos;
System info: host: &amp;apos;DESKTOP-4NNUI12&amp;apos;, ip: &amp;apos;192.168.56.1&amp;apos;, os.name: &amp;apos;Windows 10&amp;apos;, os.arch: &amp;apos;amd64&amp;apos;, os.version: &amp;apos;10.0&amp;apos;, java.version: &amp;apos;1.8.0_251&amp;apos;
Driver info: driver.version: ChromeDriver
remote stacktrace: Backtrace:
	Ordinal0 [0x00FAC0C3+3326147]
	Ordinal0 [0x00E90851+2164817]
	Ordinal0 [0x00D17298+619160]
	Ordinal0 [0x00C91D92+73106]
	Ordinal0 [0x00C8E119+57625]
	Ordinal0 [0x00C8C38A+50058]
	Ordinal0 [0x00CB5F3E+220990]
	Ordinal0 [0x00CB5CAC+220332]
	Ordinal0 [0x00CB189B+202907]
	Ordinal0 [0x00C93DF4+81396]
	Ordinal0 [0x00C94DEE+85486]
	Ordinal0 [0x00C94D79+85369]
	Ordinal0 [0x00EA85DC+2262492]
	GetHandleVerifier [0x01132874+1487204]
	GetHandleVerifier [0x011323CD+1486013]
	GetHandleVerifier [0x0113A368+1518680]
	GetHandleVerifier [0x01132F4E+1488958]
	Ordinal0 [0x00E9ED0D+2223373]
	Ordinal0 [0x00EAA12B+2269483]
	Ordinal0 [0x00EAA26F+2269807]
	Ordinal0 [0x00EBECB8+2354360]
	BaseThreadInitThunk [0x7603FA29+25]
	RtlGetAppContainerNamedObjectPath [0x77297A4E+286]
	RtlGetAppContainerNamedObjectPath [0x77297A1E+238]
">
      <![CDATA[org.openqa.selenium.SessionNotCreatedException: session not created: This version of ChromeDriver only supports Chrome version 87
Current browser version is 91.0.4472.77 with binary path C:\Program Files (x86)\Google\Chrome\Application\chrome.exe
Build info: version: '3.12.0', revision: '7c6e0b3', time: '2018-05-08T14:04:26.12Z'
System info: host: 'DESKTOP-4NNUI12', ip: '192.168.56.1', os.name: 'Windows 10', os.arch: 'amd64', os.version: '10.0', java.version: '1.8.0_251'
Driver info: driver.version: ChromeDriver
remote stacktrace: Backtrace:
Ordinal0 [0x00FAC0C3+3326147]
Ordinal0 [0x00E90851+2164817]
Ordinal0 [0x00D17298+619160]
Ordinal0 [0x00C91D92+73106]
Ordinal0 [0x00C8E119+57625]
Ordinal0 [0x00C8C38A+50058]
Ordinal0 [0x00CB5F3E+220990]
Ordinal0 [0x00CB5CAC+220332]
Ordinal0 [0x00CB189B+202907]
Ordinal0 [0x00C93DF4+81396]
Ordinal0 [0x00C94DEE+85486]
Ordinal0 [0x00C94D79+85369]
Ordinal0 [0x00EA85DC+2262492]
GetHandleVerifier [0x01132874+1487204]
GetHandleVerifier [0x011323CD+1486013]
GetHandleVerifier [0x0113A368+1518680]
GetHandleVerifier [0x01132F4E+1488958]
Ordinal0 [0x00E9ED0D+2223373]
Ordinal0 [0x00EAA12B+2269483]
Ordinal0 [0x00EAA26F+2269807]
Ordinal0 [0x00EBECB8+2354360]
BaseThreadInitThunk [0x7603FA29+25]
RtlGetAppContainerNamedObjectPath [0x77297A4E+286]
RtlGetAppContainerNamedObjectPath [0x77297A1E+238]

at org.openqa.selenium.remote.W3CHandshakeResponse.lambda$new$0(W3CHandshakeResponse.java:57)
at org.openqa.selenium.remote.W3CHandshakeResponse.lambda$getResponseFunction$2(W3CHandshakeResponse.java:104)
at org.openqa.selenium.remote.ProtocolHandshake.lambda$createSession$0(ProtocolHandshake.java:123)
at java.util.stream.ReferencePipeline$3$1.accept(Unknown Source)
at java.util.Spliterators$ArraySpliterator.tryAdvance(Unknown Source)
at java.util.stream.ReferencePipeline.forEachWithCancel(Unknown Source)
at java.util.stream.AbstractPipeline.copyIntoWithCancel(Unknown Source)
at java.util.stream.AbstractPipeline.copyInto(Unknown Source)
at java.util.stream.AbstractPipeline.wrapAndCopyInto(Unknown Source)
at java.util.stream.FindOps$FindOp.evaluateSequential(Unknown Source)
at java.util.stream.AbstractPipeline.evaluate(Unknown Source)
at java.util.stream.ReferencePipeline.findFirst(Unknown Source)
at org.openqa.selenium.remote.ProtocolHandshake.createSession(ProtocolHandshake.java:126)
at org.openqa.selenium.remote.ProtocolHandshake.createSession(ProtocolHandshake.java:73)
at org.openqa.selenium.remote.HttpCommandExecutor.execute(HttpCommandExecutor.java:136)
at org.openqa.selenium.remote.service.DriverCommandExecutor.execute(DriverCommandExecutor.java:83)
at org.openqa.selenium.remote.RemoteWebDriver.execute(RemoteWebDriver.java:543)
at org.openqa.selenium.remote.RemoteWebDriver.startSession(RemoteWebDriver.java:207)
at org.openqa.selenium.remote.RemoteWebDriver.<init>(RemoteWebDriver.java:130)
at org.openqa.selenium.chrome.ChromeDriver.<init>(ChromeDriver.java:181)
at org.openqa.selenium.chrome.ChromeDriver.<init>(ChromeDriver.java:168)
at org.openqa.selenium.chrome.ChromeDriver.<init>(ChromeDriver.java:123)
at com.dezlearn.tests.AbstractBaseTest.setUp(AbstractBaseTest.java:33)
at java.util.ArrayList.forEach(Unknown Source)
... Removed 35 stack frames]]>
    </failure>
  </testcase> <!-- @BeforeMethod setUp -->
  <testcase name="@AfterMethod teardown" time="0.001" classname="com.dezlearn.tests.AbstractBaseTest">
    <failure type="java.lang.NullPointerException">
      <![CDATA[java.lang.NullPointerException
at com.dezlearn.tests.AbstractBaseTest.teardown(AbstractBaseTest.java:47)
at java.util.ArrayList.forEach(Unknown Source)
... Removed 32 stack frames]]>
    </failure>
  </testcase> <!-- @AfterMethod teardown -->
  <testcase name="@AfterClass afterClassSetup" time="-1.623178447682E9" classname="com.dezlearn.tests.Ebay_Advanced_Search_Sanity">
    <skipped/>
  </testcase> <!-- @AfterClass afterClassSetup -->
  <testcase name="empty_search_test" time="0.0" classname="com.dezlearn.tests.EbayHome_Sanity">
    <skipped/>
  </testcase> <!-- empty_search_test -->
  <testcase name="advanced_search_keywords_test" time="0.0" classname="com.dezlearn.tests.Ebay_Advanced_Search_Sanity">
    <skipped/>
  </testcase> <!-- advanced_search_keywords_test -->
  <testcase name="category_option_in_ascending_order_test" time="0.0" classname="com.dezlearn.tests.Ebay_Advanced_Search_Sanity">
    <skipped/>
  </testcase> <!-- category_option_in_ascending_order_test -->
  <testcase name="ebay_logo_link_navigates_home_page_test" time="0.0" classname="com.dezlearn.tests.Ebay_Advanced_Search_Sanity">
    <skipped/>
  </testcase> <!-- ebay_logo_link_navigates_home_page_test -->
  <testcase name="empty_search_test" time="0.0" classname="com.dezlearn.tests.Ebay_Advanced_Search_Sanity">
    <skipped/>
  </testcase> <!-- empty_search_test -->
  <testcase name="empty_search_test_softassert" time="0.0" classname="com.dezlearn.tests.Ebay_Advanced_Search_Sanity">
    <ignored/>
  </testcase> <!-- empty_search_test_softassert -->
  <testcase name="empty_search_test_softassert" time="0.0" classname="com.dezlearn.tests.EbayHome_Sanity">
    <ignored/>
  </testcase> <!-- empty_search_test_softassert -->
</testsuite> <!-- Release 2.0 Methods -->
