<!DOCTYPE html PUBLIC "-//W3C//DTD XHTML 1.1//EN" "https://www.w3.org/TR/xhtml11/DTD/xhtml11.dtd">
<html xmlns="https://www.w3.org/1999/xhtml">
<head>
<meta http-equiv="content-type" content="text/html; charset=UTF-8"/>
<title>TestNG Report</title>
<style type="text/css">table {margin-bottom:10px;border-collapse:collapse;empty-cells:show}th,td {border:1px solid #009;padding:.25em .5em}th {vertical-align:bottom}td {vertical-align:top}table a {font-weight:bold}.stripe td {background-color: #E6EBF9}.num {text-align:right}.passedodd td {background-color: #3F3}.passedeven td {background-color: #0A0}.skippedodd td {background-color: #DDD}.skippedeven td {background-color: #CCC}.failedodd td,.attn {background-color: #F33}.failedeven td,.stripe .attn {background-color: #D00}.stacktrace {white-space:pre;font-family:monospace}.totop {font-size:85%;text-align:center;border-bottom:2px solid #000}.invisible {display:none}</style>
</head>
<body>
<table>
<tr><th>Test</th><th># Passed</th><th># Skipped</th><th># Retried</th><th># Failed</th><th>Time (ms)</th><th>Included Groups</th><th>Excluded Groups</th></tr>
<tr><th colspan="8">Include Exclude Method Suite</th></tr>
<tr><td><a href="#t0">Release 2.0 Methods</a></td><td class="num">0</td><td class="num attn">5</td><td class="num">0</td><td class="num">0</td><td class="num">16,886</td><td></td><td></td></tr>
</table>
<table id='summary'><thead><tr><th>Class</th><th>Method</th><th>Start</th><th>Time (ms)</th></tr></thead><tbody><tr><th colspan="4">Include Exclude Method Suite</th></tr></tbody><tbody id="t0"><tr><th colspan="4">Release 2.0 Methods &#8212; failed (configuration methods)</th></tr><tr class="failedeven"><td rowspan="2">com.dezlearn.tests.EbayHome_Sanity</td><td><a href="#m0">setUp</a></td><td rowspan="1">1623178430844</td><td rowspan="1">6459</td></tr><tr class="failedeven"><td><a href="#m1">teardown</a></td><td rowspan="1">1623178437325</td><td rowspan="1">1</td></tr><tr class="failedodd"><td rowspan="8">com.dezlearn.tests.Ebay_Advanced_Search_Sanity</td><td><a href="#m2">setUp</a></td><td rowspan="4">1623178442215</td><td rowspan="4">2049</td></tr><tr class="failedodd"><td><a href="#m3">setUp</a></td></tr><tr class="failedodd"><td><a href="#m4">setUp</a></td></tr><tr class="failedodd"><td><a href="#m5">setUp</a></td></tr><tr class="failedodd"><td><a href="#m6">teardown</a></td><td rowspan="4">1623178447678</td><td rowspan="4">1</td></tr><tr class="failedodd"><td><a href="#m7">teardown</a></td></tr><tr class="failedodd"><td><a href="#m8">teardown</a></td></tr><tr class="failedodd"><td><a href="#m9">teardown</a></td></tr><tr><th colspan="4">Release 2.0 Methods &#8212; skipped (configuration methods)</th></tr><tr class="skippedeven"><td rowspan="1">com.dezlearn.tests.EbayHome_Sanity</td><td><a href="#m10">afterClassSetup</a></td><td rowspan="1">1623178437328</td><td rowspan="1">-1623178437328</td></tr><tr class="skippedodd"><td rowspan="1">com.dezlearn.tests.Ebay_Advanced_Search_Sanity</td><td><a href="#m11">afterClassSetup</a></td><td rowspan="1">1623178447682</td><td rowspan="1">-1623178447682</td></tr><tr><th colspan="4">Release 2.0 Methods &#8212; skipped</th></tr><tr class="skippedeven"><td rowspan="1">com.dezlearn.tests.EbayHome_Sanity</td><td><a href="#m12">empty_search_test</a></td><td rowspan="1">1623178437318</td><td rowspan="1">0</td></tr><tr class="skippedodd"><td rowspan="4">com.dezlearn.tests.Ebay_Advanced_Search_Sanity</td><td><a href="#m13">advanced_search_keywords_test</a></td><td rowspan="1">1623178442197</td><td rowspan="1">0</td></tr><tr class="skippedodd"><td><a href="#m14">category_option_in_ascending_order_test</a></td><td rowspan="1">1623178444269</td><td rowspan="1">0</td></tr><tr class="skippedodd"><td><a href="#m15">ebay_logo_link_navigates_home_page_test</a></td><td rowspan="1">1623178446122</td><td rowspan="1">0</td></tr><tr class="skippedodd"><td><a href="#m16">empty_search_test</a></td><td rowspan="1">1623178447672</td><td rowspan="1">0</td></tr></tbody>
</table>
<h2>Release 2.0 Methods</h2><h3 id="m0">com.dezlearn.tests.EbayHome_Sanity#setUp</h3><table class="result"><tr class="param"><th>Parameter #1</th><th>Parameter #2</th></tr><tr class="param stripe"><td>Chrome</td><td>G:\TOOLS\Browsers Drivers\Chrome drivers\Latest\chromedriver.exe\</td></tr><tr><th colspan="2">Exception</th></tr><tr><td colspan="2"><div class="stacktrace">org.openqa.selenium.WebDriverException: unknown error: Chrome failed to start: exited normally.
  (unknown error: DevToolsActivePort file doesn&apos;t exist)
  (The process started from chrome location C:\Program Files (x86)\Google\Chrome\Application\chrome.exe is no longer running, so ChromeDriver is assuming that Chrome has crashed.)
Build info: version: &apos;3.12.0&apos;, revision: &apos;7c6e0b3&apos;, time: &apos;2018-05-08T14:04:26.12Z&apos;
System info: host: &apos;DESKTOP-4NNUI12&apos;, ip: &apos;192.168.56.1&apos;, os.name: &apos;Windows 10&apos;, os.arch: &apos;amd64&apos;, os.version: &apos;10.0&apos;, java.version: &apos;1.8.0_251&apos;
Driver info: driver.version: ChromeDriver
remote stacktrace: Backtrace:
	Ordinal0 [0x00FAC0C3+3326147]
	Ordinal0 [0x00E90851+2164817]
	Ordinal0 [0x00D17298+619160]
	Ordinal0 [0x00C8E4CB+58571]
	Ordinal0 [0x00C8C38A+50058]
	Ordinal0 [0x00CB5F3E+220990]
	Ordinal0 [0x00CB5CAC+220332]
	Ordinal0 [0x00CB189B+202907]
	Ordinal0 [0x00C93DF4+81396]
	Ordinal0 [0x00C94DEE+85486]
	Ordinal0 [0x00C94D79+85369]
	Ordinal0 [0x00EA85DC+2262492]
	GetHandleVerifier [0x01132874+1487204]
	GetHandleVerifier [0x011323CD+1486013]
	GetHandleVerifier [0x0113A368+1518680]
	GetHandleVerifier [0x01132F4E+1488958]
	Ordinal0 [0x00E9ED0D+2223373]
	Ordinal0 [0x00EAA12B+2269483]
	Ordinal0 [0x00EAA26F+2269807]
	Ordinal0 [0x00EBECB8+2354360]
	BaseThreadInitThunk [0x7603FA29+25]
	RtlGetAppContainerNamedObjectPath [0x77297A4E+286]
	RtlGetAppContainerNamedObjectPath [0x77297A1E+238]

	at org.openqa.selenium.remote.W3CHandshakeResponse.lambda$new$0(W3CHandshakeResponse.java:57)
	at org.openqa.selenium.remote.W3CHandshakeResponse.lambda$getResponseFunction$2(W3CHandshakeResponse.java:104)
	at org.openqa.selenium.remote.ProtocolHandshake.lambda$createSession$0(ProtocolHandshake.java:123)
	at java.util.stream.ReferencePipeline$3$1.accept(Unknown Source)
	at java.util.Spliterators$ArraySpliterator.tryAdvance(Unknown Source)
	at java.util.stream.ReferencePipeline.forEachWithCancel(Unknown Source)
	at java.util.stream.AbstractPipeline.copyIntoWithCancel(Unknown Source)
	at java.util.stream.AbstractPipeline.copyInto(Unknown Source)
	at java.util.stream.AbstractPipeline.wrapAndCopyInto(Unknown Source)
	at java.util.stream.FindOps$FindOp.evaluateSequential(Unknown Source)
	at java.util.stream.AbstractPipeline.evaluate(Unknown Source)
	at java.util.stream.ReferencePipeline.findFirst(Unknown Source)
	at org.openqa.selenium.remote.ProtocolHandshake.createSession(ProtocolHandshake.java:126)
	at org.openqa.selenium.remote.ProtocolHandshake.createSession(ProtocolHandshake.java:73)
	at org.openqa.selenium.remote.HttpCommandExecutor.execute(HttpCommandExecutor.java:136)
	at org.openqa.selenium.remote.service.DriverCommandExecutor.execute(DriverCommandExecutor.java:83)
	at org.openqa.selenium.remote.RemoteWebDriver.execute(RemoteWebDriver.java:543)
	at org.openqa.selenium.remote.RemoteWebDriver.startSession(RemoteWebDriver.java:207)
	at org.openqa.selenium.remote.RemoteWebDriver.&lt;init&gt;(RemoteWebDriver.java:130)
	at org.openqa.selenium.chrome.ChromeDriver.&lt;init&gt;(ChromeDriver.java:181)
	at org.openqa.selenium.chrome.ChromeDriver.&lt;init&gt;(ChromeDriver.java:168)
	at org.openqa.selenium.chrome.ChromeDriver.&lt;init&gt;(ChromeDriver.java:123)
	at com.dezlearn.tests.AbstractBaseTest.setUp(AbstractBaseTest.java:33)
	at java.util.ArrayList.forEach(Unknown Source)
... Removed 35 stack frames</div></td></tr></table><p class="totop"><a href="#summary">back to summary</a></p>
<h3 id="m1">com.dezlearn.tests.EbayHome_Sanity#teardown</h3><table class="result"><tr><th>Exception</th></tr><tr><td><div class="stacktrace">java.lang.NullPointerException
	at com.dezlearn.tests.AbstractBaseTest.teardown(AbstractBaseTest.java:47)
	at java.util.ArrayList.forEach(Unknown Source)
... Removed 32 stack frames</div></td></tr></table><p class="totop"><a href="#summary">back to summary</a></p>
<h3 id="m2">com.dezlearn.tests.Ebay_Advanced_Search_Sanity#setUp</h3><table class="result"><tr class="param"><th>Parameter #1</th><th>Parameter #2</th></tr><tr class="param stripe"><td>Chrome</td><td>G:\TOOLS\Browsers Drivers\Chrome drivers\Latest\chromedriver.exe\</td></tr><tr><th colspan="2">Exception</th></tr><tr><td colspan="2"><div class="stacktrace">org.openqa.selenium.SessionNotCreatedException: session not created: This version of ChromeDriver only supports Chrome version 87
Current browser version is 91.0.4472.77 with binary path C:\Program Files (x86)\Google\Chrome\Application\chrome.exe
Build info: version: &apos;3.12.0&apos;, revision: &apos;7c6e0b3&apos;, time: &apos;2018-05-08T14:04:26.12Z&apos;
System info: host: &apos;DESKTOP-4NNUI12&apos;, ip: &apos;192.168.56.1&apos;, os.name: &apos;Windows 10&apos;, os.arch: &apos;amd64&apos;, os.version: &apos;10.0&apos;, java.version: &apos;1.8.0_251&apos;
Driver info: driver.version: ChromeDriver
remote stacktrace: Backtrace:
	Ordinal0 [0x00FAC0C3+3326147]
	Ordinal0 [0x00E90851+2164817]
	Ordinal0 [0x00D17298+619160]
	Ordinal0 [0x00C91D92+73106]
	Ordinal0 [0x00C8E119+57625]
	Ordinal0 [0x00C8C38A+50058]
	Ordinal0 [0x00CB5F3E+220990]
	Ordinal0 [0x00CB5CAC+220332]
	Ordinal0 [0x00CB189B+202907]
	Ordinal0 [0x00C93DF4+81396]
	Ordinal0 [0x00C94DEE+85486]
	Ordinal0 [0x00C94D79+85369]
	Ordinal0 [0x00EA85DC+2262492]
	GetHandleVerifier [0x01132874+1487204]
	GetHandleVerifier [0x011323CD+1486013]
	GetHandleVerifier [0x0113A368+1518680]
	GetHandleVerifier [0x01132F4E+1488958]
	Ordinal0 [0x00E9ED0D+2223373]
	Ordinal0 [0x00EAA12B+2269483]
	Ordinal0 [0x00EAA26F+2269807]
	Ordinal0 [0x00EBECB8+2354360]
	BaseThreadInitThunk [0x7603FA29+25]
	RtlGetAppContainerNamedObjectPath [0x77297A4E+286]
	RtlGetAppContainerNamedObjectPath [0x77297A1E+238]

	at org.openqa.selenium.remote.W3CHandshakeResponse.lambda$new$0(W3CHandshakeResponse.java:57)
	at org.openqa.selenium.remote.W3CHandshakeResponse.lambda$getResponseFunction$2(W3CHandshakeResponse.java:104)
	at org.openqa.selenium.remote.ProtocolHandshake.lambda$createSession$0(ProtocolHandshake.java:123)
	at java.util.stream.ReferencePipeline$3$1.accept(Unknown Source)
	at java.util.Spliterators$ArraySpliterator.tryAdvance(Unknown Source)
	at java.util.stream.ReferencePipeline.forEachWithCancel(Unknown Source)
	at java.util.stream.AbstractPipeline.copyIntoWithCancel(Unknown Source)
	at java.util.stream.AbstractPipeline.copyInto(Unknown Source)
	at java.util.stream.AbstractPipeline.wrapAndCopyInto(Unknown Source)
	at java.util.stream.FindOps$FindOp.evaluateSequential(Unknown Source)
	at java.util.stream.AbstractPipeline.evaluate(Unknown Source)
	at java.util.stream.ReferencePipeline.findFirst(Unknown Source)
	at org.openqa.selenium.remote.ProtocolHandshake.createSession(ProtocolHandshake.java:126)
	at org.openqa.selenium.remote.ProtocolHandshake.createSession(ProtocolHandshake.java:73)
	at org.openqa.selenium.remote.HttpCommandExecutor.execute(HttpCommandExecutor.java:136)
	at org.openqa.selenium.remote.service.DriverCommandExecutor.execute(DriverCommandExecutor.java:83)
	at org.openqa.selenium.remote.RemoteWebDriver.execute(RemoteWebDriver.java:543)
	at org.openqa.selenium.remote.RemoteWebDriver.startSession(RemoteWebDriver.java:207)
	at org.openqa.selenium.remote.RemoteWebDriver.&lt;init&gt;(RemoteWebDriver.java:130)
	at org.openqa.selenium.chrome.ChromeDriver.&lt;init&gt;(ChromeDriver.java:181)
	at org.openqa.selenium.chrome.ChromeDriver.&lt;init&gt;(ChromeDriver.java:168)
	at org.openqa.selenium.chrome.ChromeDriver.&lt;init&gt;(ChromeDriver.java:123)
	at com.dezlearn.tests.AbstractBaseTest.setUp(AbstractBaseTest.java:33)
	at java.util.ArrayList.forEach(Unknown Source)
... Removed 35 stack frames</div></td></tr></table><p class="totop"><a href="#summary">back to summary</a></p>
<h3 id="m3">com.dezlearn.tests.Ebay_Advanced_Search_Sanity#setUp</h3><table class="result"><tr class="param"><th>Parameter #1</th><th>Parameter #2</th></tr><tr class="param stripe"><td>Chrome</td><td>G:\TOOLS\Browsers Drivers\Chrome drivers\Latest\chromedriver.exe\</td></tr><tr><th colspan="2">Exception</th></tr><tr><td colspan="2"><div class="stacktrace">org.openqa.selenium.SessionNotCreatedException: session not created: This version of ChromeDriver only supports Chrome version 87
Current browser version is 91.0.4472.77 with binary path C:\Program Files (x86)\Google\Chrome\Application\chrome.exe
Build info: version: &apos;3.12.0&apos;, revision: &apos;7c6e0b3&apos;, time: &apos;2018-05-08T14:04:26.12Z&apos;
System info: host: &apos;DESKTOP-4NNUI12&apos;, ip: &apos;192.168.56.1&apos;, os.name: &apos;Windows 10&apos;, os.arch: &apos;amd64&apos;, os.version: &apos;10.0&apos;, java.version: &apos;1.8.0_251&apos;
Driver info: driver.version: ChromeDriver
remote stacktrace: Backtrace:
	Ordinal0 [0x00FAC0C3+3326147]
	Ordinal0 [0x00E90851+2164817]
	Ordinal0 [0x00D17298+619160]
	Ordinal0 [0x00C91D92+73106]
	Ordinal0 [0x00C8E119+57625]
	Ordinal0 [0x00C8C38A+50058]
	Ordinal0 [0x00CB5F3E+220990]
	Ordinal0 [0x00CB5CAC+220332]
	Ordinal0 [0x00CB189B+202907]
	Ordinal0 [0x00C93DF4+81396]
	Ordinal0 [0x00C94DEE+85486]
	Ordinal0 [0x00C94D79+85369]
	Ordinal0 [0x00EA85DC+2262492]
	GetHandleVerifier [0x01132874+1487204]
	GetHandleVerifier [0x011323CD+1486013]
	GetHandleVerifier [0x0113A368+1518680]
	GetHandleVerifier [0x01132F4E+1488958]
	Ordinal0 [0x00E9ED0D+2223373]
	Ordinal0 [0x00EAA12B+2269483]
	Ordinal0 [0x00EAA26F+2269807]
	Ordinal0 [0x00EBECB8+2354360]
	BaseThreadInitThunk [0x7603FA29+25]
	RtlGetAppContainerNamedObjectPath [0x77297A4E+286]
	RtlGetAppContainerNamedObjectPath [0x77297A1E+238]

	at org.openqa.selenium.remote.W3CHandshakeResponse.lambda$new$0(W3CHandshakeResponse.java:57)
	at org.openqa.selenium.remote.W3CHandshakeResponse.lambda$getResponseFunction$2(W3CHandshakeResponse.java:104)
	at org.openqa.selenium.remote.ProtocolHandshake.lambda$createSession$0(ProtocolHandshake.java:123)
	at java.util.stream.ReferencePipeline$3$1.accept(Unknown Source)
	at java.util.Spliterators$ArraySpliterator.tryAdvance(Unknown Source)
	at java.util.stream.ReferencePipeline.forEachWithCancel(Unknown Source)
	at java.util.stream.AbstractPipeline.copyIntoWithCancel(Unknown Source)
	at java.util.stream.AbstractPipeline.copyInto(Unknown Source)
	at java.util.stream.AbstractPipeline.wrapAndCopyInto(Unknown Source)
	at java.util.stream.FindOps$FindOp.evaluateSequential(Unknown Source)
	at java.util.stream.AbstractPipeline.evaluate(Unknown Source)
	at java.util.stream.ReferencePipeline.findFirst(Unknown Source)
	at org.openqa.selenium.remote.ProtocolHandshake.createSession(ProtocolHandshake.java:126)
	at org.openqa.selenium.remote.ProtocolHandshake.createSession(ProtocolHandshake.java:73)
	at org.openqa.selenium.remote.HttpCommandExecutor.execute(HttpCommandExecutor.java:136)
	at org.openqa.selenium.remote.service.DriverCommandExecutor.execute(DriverCommandExecutor.java:83)
	at org.openqa.selenium.remote.RemoteWebDriver.execute(RemoteWebDriver.java:543)
	at org.openqa.selenium.remote.RemoteWebDriver.startSession(RemoteWebDriver.java:207)
	at org.openqa.selenium.remote.RemoteWebDriver.&lt;init&gt;(RemoteWebDriver.java:130)
	at org.openqa.selenium.chrome.ChromeDriver.&lt;init&gt;(ChromeDriver.java:181)
	at org.openqa.selenium.chrome.ChromeDriver.&lt;init&gt;(ChromeDriver.java:168)
	at org.openqa.selenium.chrome.ChromeDriver.&lt;init&gt;(ChromeDriver.java:123)
	at com.dezlearn.tests.AbstractBaseTest.setUp(AbstractBaseTest.java:33)
	at java.util.ArrayList.forEach(Unknown Source)
... Removed 35 stack frames</div></td></tr></table><p class="totop"><a href="#summary">back to summary</a></p>
<h3 id="m4">com.dezlearn.tests.Ebay_Advanced_Search_Sanity#setUp</h3><table class="result"><tr class="param"><th>Parameter #1</th><th>Parameter #2</th></tr><tr class="param stripe"><td>Chrome</td><td>G:\TOOLS\Browsers Drivers\Chrome drivers\Latest\chromedriver.exe\</td></tr><tr><th colspan="2">Exception</th></tr><tr><td colspan="2"><div class="stacktrace">org.openqa.selenium.SessionNotCreatedException: session not created: This version of ChromeDriver only supports Chrome version 87
Current browser version is 91.0.4472.77 with binary path C:\Program Files (x86)\Google\Chrome\Application\chrome.exe
Build info: version: &apos;3.12.0&apos;, revision: &apos;7c6e0b3&apos;, time: &apos;2018-05-08T14:04:26.12Z&apos;
System info: host: &apos;DESKTOP-4NNUI12&apos;, ip: &apos;192.168.56.1&apos;, os.name: &apos;Windows 10&apos;, os.arch: &apos;amd64&apos;, os.version: &apos;10.0&apos;, java.version: &apos;1.8.0_251&apos;
Driver info: driver.version: ChromeDriver
remote stacktrace: Backtrace:
	Ordinal0 [0x00FAC0C3+3326147]
	Ordinal0 [0x00E90851+2164817]
	Ordinal0 [0x00D17298+619160]
	Ordinal0 [0x00C91D92+73106]
	Ordinal0 [0x00C8E119+57625]
	Ordinal0 [0x00C8C38A+50058]
	Ordinal0 [0x00CB5F3E+220990]
	Ordinal0 [0x00CB5CAC+220332]
	Ordinal0 [0x00CB189B+202907]
	Ordinal0 [0x00C93DF4+81396]
	Ordinal0 [0x00C94DEE+85486]
	Ordinal0 [0x00C94D79+85369]
	Ordinal0 [0x00EA85DC+2262492]
	GetHandleVerifier [0x01132874+1487204]
	GetHandleVerifier [0x011323CD+1486013]
	GetHandleVerifier [0x0113A368+1518680]
	GetHandleVerifier [0x01132F4E+1488958]
	Ordinal0 [0x00E9ED0D+2223373]
	Ordinal0 [0x00EAA12B+2269483]
	Ordinal0 [0x00EAA26F+2269807]
	Ordinal0 [0x00EBECB8+2354360]
	BaseThreadInitThunk [0x7603FA29+25]
	RtlGetAppContainerNamedObjectPath [0x77297A4E+286]
	RtlGetAppContainerNamedObjectPath [0x77297A1E+238]

	at org.openqa.selenium.remote.W3CHandshakeResponse.lambda$new$0(W3CHandshakeResponse.java:57)
	at org.openqa.selenium.remote.W3CHandshakeResponse.lambda$getResponseFunction$2(W3CHandshakeResponse.java:104)
	at org.openqa.selenium.remote.ProtocolHandshake.lambda$createSession$0(ProtocolHandshake.java:123)
	at java.util.stream.ReferencePipeline$3$1.accept(Unknown Source)
	at java.util.Spliterators$ArraySpliterator.tryAdvance(Unknown Source)
	at java.util.stream.ReferencePipeline.forEachWithCancel(Unknown Source)
	at java.util.stream.AbstractPipeline.copyIntoWithCancel(Unknown Source)
	at java.util.stream.AbstractPipeline.copyInto(Unknown Source)
	at java.util.stream.AbstractPipeline.wrapAndCopyInto(Unknown Source)
	at java.util.stream.FindOps$FindOp.evaluateSequential(Unknown Source)
	at java.util.stream.AbstractPipeline.evaluate(Unknown Source)
	at java.util.stream.ReferencePipeline.findFirst(Unknown Source)
	at org.openqa.selenium.remote.ProtocolHandshake.createSession(ProtocolHandshake.java:126)
	at org.openqa.selenium.remote.ProtocolHandshake.createSession(ProtocolHandshake.java:73)
	at org.openqa.selenium.remote.HttpCommandExecutor.execute(HttpCommandExecutor.java:136)
	at org.openqa.selenium.remote.service.DriverCommandExecutor.execute(DriverCommandExecutor.java:83)
	at org.openqa.selenium.remote.RemoteWebDriver.execute(RemoteWebDriver.java:543)
	at org.openqa.selenium.remote.RemoteWebDriver.startSession(RemoteWebDriver.java:207)
	at org.openqa.selenium.remote.RemoteWebDriver.&lt;init&gt;(RemoteWebDriver.java:130)
	at org.openqa.selenium.chrome.ChromeDriver.&lt;init&gt;(ChromeDriver.java:181)
	at org.openqa.selenium.chrome.ChromeDriver.&lt;init&gt;(ChromeDriver.java:168)
	at org.openqa.selenium.chrome.ChromeDriver.&lt;init&gt;(ChromeDriver.java:123)
	at com.dezlearn.tests.AbstractBaseTest.setUp(AbstractBaseTest.java:33)
	at java.util.ArrayList.forEach(Unknown Source)
... Removed 35 stack frames</div></td></tr></table><p class="totop"><a href="#summary">back to summary</a></p>
<h3 id="m5">com.dezlearn.tests.Ebay_Advanced_Search_Sanity#setUp</h3><table class="result"><tr class="param"><th>Parameter #1</th><th>Parameter #2</th></tr><tr class="param stripe"><td>Chrome</td><td>G:\TOOLS\Browsers Drivers\Chrome drivers\Latest\chromedriver.exe\</td></tr><tr><th colspan="2">Exception</th></tr><tr><td colspan="2"><div class="stacktrace">org.openqa.selenium.SessionNotCreatedException: session not created: This version of ChromeDriver only supports Chrome version 87
Current browser version is 91.0.4472.77 with binary path C:\Program Files (x86)\Google\Chrome\Application\chrome.exe
Build info: version: &apos;3.12.0&apos;, revision: &apos;7c6e0b3&apos;, time: &apos;2018-05-08T14:04:26.12Z&apos;
System info: host: &apos;DESKTOP-4NNUI12&apos;, ip: &apos;192.168.56.1&apos;, os.name: &apos;Windows 10&apos;, os.arch: &apos;amd64&apos;, os.version: &apos;10.0&apos;, java.version: &apos;1.8.0_251&apos;
Driver info: driver.version: ChromeDriver
remote stacktrace: Backtrace:
	Ordinal0 [0x00FAC0C3+3326147]
	Ordinal0 [0x00E90851+2164817]
	Ordinal0 [0x00D17298+619160]
	Ordinal0 [0x00C91D92+73106]
	Ordinal0 [0x00C8E119+57625]
	Ordinal0 [0x00C8C38A+50058]
	Ordinal0 [0x00CB5F3E+220990]
	Ordinal0 [0x00CB5CAC+220332]
	Ordinal0 [0x00CB189B+202907]
	Ordinal0 [0x00C93DF4+81396]
	Ordinal0 [0x00C94DEE+85486]
	Ordinal0 [0x00C94D79+85369]
	Ordinal0 [0x00EA85DC+2262492]
	GetHandleVerifier [0x01132874+1487204]
	GetHandleVerifier [0x011323CD+1486013]
	GetHandleVerifier [0x0113A368+1518680]
	GetHandleVerifier [0x01132F4E+1488958]
	Ordinal0 [0x00E9ED0D+2223373]
	Ordinal0 [0x00EAA12B+2269483]
	Ordinal0 [0x00EAA26F+2269807]
	Ordinal0 [0x00EBECB8+2354360]
	BaseThreadInitThunk [0x7603FA29+25]
	RtlGetAppContainerNamedObjectPath [0x77297A4E+286]
	RtlGetAppContainerNamedObjectPath [0x77297A1E+238]

	at org.openqa.selenium.remote.W3CHandshakeResponse.lambda$new$0(W3CHandshakeResponse.java:57)
	at org.openqa.selenium.remote.W3CHandshakeResponse.lambda$getResponseFunction$2(W3CHandshakeResponse.java:104)
	at org.openqa.selenium.remote.ProtocolHandshake.lambda$createSession$0(ProtocolHandshake.java:123)
	at java.util.stream.ReferencePipeline$3$1.accept(Unknown Source)
	at java.util.Spliterators$ArraySpliterator.tryAdvance(Unknown Source)
	at java.util.stream.ReferencePipeline.forEachWithCancel(Unknown Source)
	at java.util.stream.AbstractPipeline.copyIntoWithCancel(Unknown Source)
	at java.util.stream.AbstractPipeline.copyInto(Unknown Source)
	at java.util.stream.AbstractPipeline.wrapAndCopyInto(Unknown Source)
	at java.util.stream.FindOps$FindOp.evaluateSequential(Unknown Source)
	at java.util.stream.AbstractPipeline.evaluate(Unknown Source)
	at java.util.stream.ReferencePipeline.findFirst(Unknown Source)
	at org.openqa.selenium.remote.ProtocolHandshake.createSession(ProtocolHandshake.java:126)
	at org.openqa.selenium.remote.ProtocolHandshake.createSession(ProtocolHandshake.java:73)
	at org.openqa.selenium.remote.HttpCommandExecutor.execute(HttpCommandExecutor.java:136)
	at org.openqa.selenium.remote.service.DriverCommandExecutor.execute(DriverCommandExecutor.java:83)
	at org.openqa.selenium.remote.RemoteWebDriver.execute(RemoteWebDriver.java:543)
	at org.openqa.selenium.remote.RemoteWebDriver.startSession(RemoteWebDriver.java:207)
	at org.openqa.selenium.remote.RemoteWebDriver.&lt;init&gt;(RemoteWebDriver.java:130)
	at org.openqa.selenium.chrome.ChromeDriver.&lt;init&gt;(ChromeDriver.java:181)
	at org.openqa.selenium.chrome.ChromeDriver.&lt;init&gt;(ChromeDriver.java:168)
	at org.openqa.selenium.chrome.ChromeDriver.&lt;init&gt;(ChromeDriver.java:123)
	at com.dezlearn.tests.AbstractBaseTest.setUp(AbstractBaseTest.java:33)
	at java.util.ArrayList.forEach(Unknown Source)
... Removed 35 stack frames</div></td></tr></table><p class="totop"><a href="#summary">back to summary</a></p>
<h3 id="m6">com.dezlearn.tests.Ebay_Advanced_Search_Sanity#teardown</h3><table class="result"><tr><th>Exception</th></tr><tr><td><div class="stacktrace">java.lang.NullPointerException
	at com.dezlearn.tests.AbstractBaseTest.teardown(AbstractBaseTest.java:47)
	at java.util.ArrayList.forEach(Unknown Source)
... Removed 32 stack frames</div></td></tr></table><p class="totop"><a href="#summary">back to summary</a></p>
<h3 id="m7">com.dezlearn.tests.Ebay_Advanced_Search_Sanity#teardown</h3><table class="result"><tr><th>Exception</th></tr><tr><td><div class="stacktrace">java.lang.NullPointerException
	at com.dezlearn.tests.AbstractBaseTest.teardown(AbstractBaseTest.java:47)
	at java.util.ArrayList.forEach(Unknown Source)
... Removed 32 stack frames</div></td></tr></table><p class="totop"><a href="#summary">back to summary</a></p>
<h3 id="m8">com.dezlearn.tests.Ebay_Advanced_Search_Sanity#teardown</h3><table class="result"><tr><th>Exception</th></tr><tr><td><div class="stacktrace">java.lang.NullPointerException
	at com.dezlearn.tests.AbstractBaseTest.teardown(AbstractBaseTest.java:47)
	at java.util.ArrayList.forEach(Unknown Source)
... Removed 32 stack frames</div></td></tr></table><p class="totop"><a href="#summary">back to summary</a></p>
<h3 id="m9">com.dezlearn.tests.Ebay_Advanced_Search_Sanity#teardown</h3><table class="result"><tr><th>Exception</th></tr><tr><td><div class="stacktrace">java.lang.NullPointerException
	at com.dezlearn.tests.AbstractBaseTest.teardown(AbstractBaseTest.java:47)
	at java.util.ArrayList.forEach(Unknown Source)
... Removed 32 stack frames</div></td></tr></table><p class="totop"><a href="#summary">back to summary</a></p>
<h3 id="m10">com.dezlearn.tests.EbayHome_Sanity#afterClassSetup</h3><table class="result"><tr><th class="invisible"/></tr></table><p class="totop"><a href="#summary">back to summary</a></p>
<h3 id="m11">com.dezlearn.tests.Ebay_Advanced_Search_Sanity#afterClassSetup</h3><table class="result"><tr><th class="invisible"/></tr></table><p class="totop"><a href="#summary">back to summary</a></p>
<h3 id="m12">com.dezlearn.tests.EbayHome_Sanity#empty_search_test</h3><table class="result"><tr><th>Exception</th></tr><tr><td><div class="stacktrace">org.openqa.selenium.WebDriverException: unknown error: Chrome failed to start: exited normally.
  (unknown error: DevToolsActivePort file doesn&apos;t exist)
  (The process started from chrome location C:\Program Files (x86)\Google\Chrome\Application\chrome.exe is no longer running, so ChromeDriver is assuming that Chrome has crashed.)
Build info: version: &apos;3.12.0&apos;, revision: &apos;7c6e0b3&apos;, time: &apos;2018-05-08T14:04:26.12Z&apos;
System info: host: &apos;DESKTOP-4NNUI12&apos;, ip: &apos;192.168.56.1&apos;, os.name: &apos;Windows 10&apos;, os.arch: &apos;amd64&apos;, os.version: &apos;10.0&apos;, java.version: &apos;1.8.0_251&apos;
Driver info: driver.version: ChromeDriver
remote stacktrace: Backtrace:
	Ordinal0 [0x00FAC0C3+3326147]
	Ordinal0 [0x00E90851+2164817]
	Ordinal0 [0x00D17298+619160]
	Ordinal0 [0x00C8E4CB+58571]
	Ordinal0 [0x00C8C38A+50058]
	Ordinal0 [0x00CB5F3E+220990]
	Ordinal0 [0x00CB5CAC+220332]
	Ordinal0 [0x00CB189B+202907]
	Ordinal0 [0x00C93DF4+81396]
	Ordinal0 [0x00C94DEE+85486]
	Ordinal0 [0x00C94D79+85369]
	Ordinal0 [0x00EA85DC+2262492]
	GetHandleVerifier [0x01132874+1487204]
	GetHandleVerifier [0x011323CD+1486013]
	GetHandleVerifier [0x0113A368+1518680]
	GetHandleVerifier [0x01132F4E+1488958]
	Ordinal0 [0x00E9ED0D+2223373]
	Ordinal0 [0x00EAA12B+2269483]
	Ordinal0 [0x00EAA26F+2269807]
	Ordinal0 [0x00EBECB8+2354360]
	BaseThreadInitThunk [0x7603FA29+25]
	RtlGetAppContainerNamedObjectPath [0x77297A4E+286]
	RtlGetAppContainerNamedObjectPath [0x77297A1E+238]

	at org.openqa.selenium.remote.W3CHandshakeResponse.lambda$new$0(W3CHandshakeResponse.java:57)
	at org.openqa.selenium.remote.W3CHandshakeResponse.lambda$getResponseFunction$2(W3CHandshakeResponse.java:104)
	at org.openqa.selenium.remote.ProtocolHandshake.lambda$createSession$0(ProtocolHandshake.java:123)
	at java.util.stream.ReferencePipeline$3$1.accept(Unknown Source)
	at java.util.Spliterators$ArraySpliterator.tryAdvance(Unknown Source)
	at java.util.stream.ReferencePipeline.forEachWithCancel(Unknown Source)
	at java.util.stream.AbstractPipeline.copyIntoWithCancel(Unknown Source)
	at java.util.stream.AbstractPipeline.copyInto(Unknown Source)
	at java.util.stream.AbstractPipeline.wrapAndCopyInto(Unknown Source)
	at java.util.stream.FindOps$FindOp.evaluateSequential(Unknown Source)
	at java.util.stream.AbstractPipeline.evaluate(Unknown Source)
	at java.util.stream.ReferencePipeline.findFirst(Unknown Source)
	at org.openqa.selenium.remote.ProtocolHandshake.createSession(ProtocolHandshake.java:126)
	at org.openqa.selenium.remote.ProtocolHandshake.createSession(ProtocolHandshake.java:73)
	at org.openqa.selenium.remote.HttpCommandExecutor.execute(HttpCommandExecutor.java:136)
	at org.openqa.selenium.remote.service.DriverCommandExecutor.execute(DriverCommandExecutor.java:83)
	at org.openqa.selenium.remote.RemoteWebDriver.execute(RemoteWebDriver.java:543)
	at org.openqa.selenium.remote.RemoteWebDriver.startSession(RemoteWebDriver.java:207)
	at org.openqa.selenium.remote.RemoteWebDriver.&lt;init&gt;(RemoteWebDriver.java:130)
	at org.openqa.selenium.chrome.ChromeDriver.&lt;init&gt;(ChromeDriver.java:181)
	at org.openqa.selenium.chrome.ChromeDriver.&lt;init&gt;(ChromeDriver.java:168)
	at org.openqa.selenium.chrome.ChromeDriver.&lt;init&gt;(ChromeDriver.java:123)
	at com.dezlearn.tests.AbstractBaseTest.setUp(AbstractBaseTest.java:33)
	at java.util.ArrayList.forEach(Unknown Source)
... Removed 35 stack frames</div></td></tr></table><p class="totop"><a href="#summary">back to summary</a></p>
<h3 id="m13">com.dezlearn.tests.Ebay_Advanced_Search_Sanity#advanced_search_keywords_test</h3><table class="result"><tr><th>Exception</th></tr><tr><td><div class="stacktrace">org.openqa.selenium.SessionNotCreatedException: session not created: This version of ChromeDriver only supports Chrome version 87
Current browser version is 91.0.4472.77 with binary path C:\Program Files (x86)\Google\Chrome\Application\chrome.exe
Build info: version: &apos;3.12.0&apos;, revision: &apos;7c6e0b3&apos;, time: &apos;2018-05-08T14:04:26.12Z&apos;
System info: host: &apos;DESKTOP-4NNUI12&apos;, ip: &apos;192.168.56.1&apos;, os.name: &apos;Windows 10&apos;, os.arch: &apos;amd64&apos;, os.version: &apos;10.0&apos;, java.version: &apos;1.8.0_251&apos;
Driver info: driver.version: ChromeDriver
remote stacktrace: Backtrace:
	Ordinal0 [0x00FAC0C3+3326147]
	Ordinal0 [0x00E90851+2164817]
	Ordinal0 [0x00D17298+619160]
	Ordinal0 [0x00C91D92+73106]
	Ordinal0 [0x00C8E119+57625]
	Ordinal0 [0x00C8C38A+50058]
	Ordinal0 [0x00CB5F3E+220990]
	Ordinal0 [0x00CB5CAC+220332]
	Ordinal0 [0x00CB189B+202907]
	Ordinal0 [0x00C93DF4+81396]
	Ordinal0 [0x00C94DEE+85486]
	Ordinal0 [0x00C94D79+85369]
	Ordinal0 [0x00EA85DC+2262492]
	GetHandleVerifier [0x01132874+1487204]
	GetHandleVerifier [0x011323CD+1486013]
	GetHandleVerifier [0x0113A368+1518680]
	GetHandleVerifier [0x01132F4E+1488958]
	Ordinal0 [0x00E9ED0D+2223373]
	Ordinal0 [0x00EAA12B+2269483]
	Ordinal0 [0x00EAA26F+2269807]
	Ordinal0 [0x00EBECB8+2354360]
	BaseThreadInitThunk [0x7603FA29+25]
	RtlGetAppContainerNamedObjectPath [0x77297A4E+286]
	RtlGetAppContainerNamedObjectPath [0x77297A1E+238]

	at org.openqa.selenium.remote.W3CHandshakeResponse.lambda$new$0(W3CHandshakeResponse.java:57)
	at org.openqa.selenium.remote.W3CHandshakeResponse.lambda$getResponseFunction$2(W3CHandshakeResponse.java:104)
	at org.openqa.selenium.remote.ProtocolHandshake.lambda$createSession$0(ProtocolHandshake.java:123)
	at java.util.stream.ReferencePipeline$3$1.accept(Unknown Source)
	at java.util.Spliterators$ArraySpliterator.tryAdvance(Unknown Source)
	at java.util.stream.ReferencePipeline.forEachWithCancel(Unknown Source)
	at java.util.stream.AbstractPipeline.copyIntoWithCancel(Unknown Source)
	at java.util.stream.AbstractPipeline.copyInto(Unknown Source)
	at java.util.stream.AbstractPipeline.wrapAndCopyInto(Unknown Source)
	at java.util.stream.FindOps$FindOp.evaluateSequential(Unknown Source)
	at java.util.stream.AbstractPipeline.evaluate(Unknown Source)
	at java.util.stream.ReferencePipeline.findFirst(Unknown Source)
	at org.openqa.selenium.remote.ProtocolHandshake.createSession(ProtocolHandshake.java:126)
	at org.openqa.selenium.remote.ProtocolHandshake.createSession(ProtocolHandshake.java:73)
	at org.openqa.selenium.remote.HttpCommandExecutor.execute(HttpCommandExecutor.java:136)
	at org.openqa.selenium.remote.service.DriverCommandExecutor.execute(DriverCommandExecutor.java:83)
	at org.openqa.selenium.remote.RemoteWebDriver.execute(RemoteWebDriver.java:543)
	at org.openqa.selenium.remote.RemoteWebDriver.startSession(RemoteWebDriver.java:207)
	at org.openqa.selenium.remote.RemoteWebDriver.&lt;init&gt;(RemoteWebDriver.java:130)
	at org.openqa.selenium.chrome.ChromeDriver.&lt;init&gt;(ChromeDriver.java:181)
	at org.openqa.selenium.chrome.ChromeDriver.&lt;init&gt;(ChromeDriver.java:168)
	at org.openqa.selenium.chrome.ChromeDriver.&lt;init&gt;(ChromeDriver.java:123)
	at com.dezlearn.tests.AbstractBaseTest.setUp(AbstractBaseTest.java:33)
	at java.util.ArrayList.forEach(Unknown Source)
... Removed 35 stack frames</div></td></tr></table><p class="totop"><a href="#summary">back to summary</a></p>
<h3 id="m14">com.dezlearn.tests.Ebay_Advanced_Search_Sanity#category_option_in_ascending_order_test</h3><table class="result"><tr><th>Exception</th></tr><tr><td><div class="stacktrace">java.lang.NullPointerException
	at com.dezlearn.tests.AbstractBaseTest.teardown(AbstractBaseTest.java:47)
	at java.util.ArrayList.forEach(Unknown Source)
... Removed 32 stack frames</div></td></tr></table><p class="totop"><a href="#summary">back to summary</a></p>
<h3 id="m15">com.dezlearn.tests.Ebay_Advanced_Search_Sanity#ebay_logo_link_navigates_home_page_test</h3><table class="result"><tr><th>Exception</th></tr><tr><td><div class="stacktrace">java.lang.NullPointerException
	at com.dezlearn.tests.AbstractBaseTest.teardown(AbstractBaseTest.java:47)
	at java.util.ArrayList.forEach(Unknown Source)
... Removed 32 stack frames</div></td></tr></table><p class="totop"><a href="#summary">back to summary</a></p>
<h3 id="m16">com.dezlearn.tests.Ebay_Advanced_Search_Sanity#empty_search_test</h3><table class="result"><tr><th>Exception</th></tr><tr><td><div class="stacktrace">java.lang.NullPointerException
	at com.dezlearn.tests.AbstractBaseTest.teardown(AbstractBaseTest.java:47)
	at java.util.ArrayList.forEach(Unknown Source)
... Removed 32 stack frames</div></td></tr></table><p class="totop"><a href="#summary">back to summary</a></p>
</body>
</html>
