<!DOCTYPE html>

<html>
  <head>
  <meta charset='utf-8'>
  <title>TestNG reports</title>

    <link type="text/css" href="testng-reports1.css" rel="stylesheet" id="ultra" />
    <link type="text/css" href="testng-reports.css" rel="stylesheet" id="retro" disabled="false"/>
    <script type="text/javascript" src="jquery-3.4.1.min.js"></script>
    <script type="text/javascript" src="testng-reports.js"></script>
    <script type="text/javascript" src="https://www.google.com/jsapi"></script>
    <script type='text/javascript'>
      google.load('visualization', '1', {packages:['table']});
      google.setOnLoadCallback(drawTable);
      var suiteTableInitFunctions = new Array();
      var suiteTableData = new Array();
    </script>
    <!--
      <script type="text/javascript" src="jquery-ui/js/jquery-ui-1.8.16.custom.min.js"></script>
     -->
  </head>

  <body>
    <div class="top-banner-root">
      <span class="top-banner-title-font">Test results</span>
      <button class="button" id="button">Switch Retro Theme</button> <!-- button -->
      <br/>
      <span class="top-banner-font-1">1 suite</span>
    </div> <!-- top-banner-root -->
    <div class="navigator-root">
      <div class="navigator-suite-header">
        <span>All suites</span>
        <a href="#" class="collapse-all-link" title="Collapse/expand all the suites">
          <img class="collapse-all-icon" src="collapseall.gif">
          </img> <!-- collapse-all-icon -->
        </a> <!-- collapse-all-link -->
      </div> <!-- navigator-suite-header -->
      <div class="suite">
        <div class="rounded-window">
          <div class="suite-header light-rounded-window-top">
            <a href="#" class="navigator-link" panel-name="suite-Include_Exclude_Method_Suite">
              <span class="suite-name border-skipped">Include Exclude Method Suite</span>
            </a> <!-- navigator-link -->
          </div> <!-- suite-header light-rounded-window-top -->
          <div class="navigator-suite-content">
            <div class="suite-section-title">
              <span>Info</span>
            </div> <!-- suite-section-title -->
            <div class="suite-section-content">
              <ul>
                <li>
                  <a href="#" class="navigator-link " panel-name="test-xml-Include_Exclude_Method_Suite">
                    <span>C:\Users\Dell\eclipse-May\testNG-project\driver2.xml</span>
                  </a> <!-- navigator-link  -->
                </li>
                <li>
                  <a href="#" class="navigator-link " panel-name="testlist-Include_Exclude_Method_Suite">
                    <span class="test-stats">1 test</span>
                  </a> <!-- navigator-link  -->
                </li>
                <li>
                  <a href="#" class="navigator-link " panel-name="group-Include_Exclude_Method_Suite">
                    <span>4 groups</span>
                  </a> <!-- navigator-link  -->
                </li>
                <li>
                  <a href="#" class="navigator-link " panel-name="times-Include_Exclude_Method_Suite">
                    <span>Times</span>
                  </a> <!-- navigator-link  -->
                </li>
                <li>
                  <a href="#" class="navigator-link " panel-name="reporter-Include_Exclude_Method_Suite">
                    <span>Reporter output</span>
                  </a> <!-- navigator-link  -->
                </li>
                <li>
                  <a href="#" class="navigator-link " panel-name="ignored-methods-Include_Exclude_Method_Suite">
                    <span>Ignored methods</span>
                  </a> <!-- navigator-link  -->
                </li>
                <li>
                  <a href="#" class="navigator-link " panel-name="chronological-Include_Exclude_Method_Suite">
                    <span>Chronological view</span>
                  </a> <!-- navigator-link  -->
                </li>
              </ul>
            </div> <!-- suite-section-content -->
            <div class="result-section">
              <div class="suite-section-title">
                <span>Results</span>
              </div> <!-- suite-section-title -->
              <div class="suite-section-content">
                <ul>
                  <li>
                    <span class="method-stats">5 methods,  5 skipped,  </span>
                  </li>
                  <li>
                    <span class="method-list-title skipped">Skipped methods</span>
                    <span class="show-or-hide-methods skipped">
                      <a href="#" panel-name="suite-Include_Exclude_Method_Suite" class="hide-methods skipped suite-Include_Exclude_Method_Suite"> (hide)</a> <!-- hide-methods skipped suite-Include_Exclude_Method_Suite -->
                      <a href="#" panel-name="suite-Include_Exclude_Method_Suite" class="show-methods skipped suite-Include_Exclude_Method_Suite"> (show)</a> <!-- show-methods skipped suite-Include_Exclude_Method_Suite -->
                    </span>
                    <div class="method-list-content skipped suite-Include_Exclude_Method_Suite">
                      <span>
                        <img width="3%" src="skipped.png"/>
                        <a href="#" class="method navigator-link" panel-name="suite-Include_Exclude_Method_Suite" title="com.dezlearn.tests.Ebay_Advanced_Search_Sanity" hash-for-method="advanced_search_keywords_test">advanced_search_keywords_test</a> <!-- method navigator-link -->
                      </span>
                      <br/>
                      <span>
                        <img width="3%" src="skipped.png"/>
                        <a href="#" class="method navigator-link" panel-name="suite-Include_Exclude_Method_Suite" title="com.dezlearn.tests.Ebay_Advanced_Search_Sanity" hash-for-method="category_option_in_ascending_order_test">category_option_in_ascending_order_test</a> <!-- method navigator-link -->
                      </span>
                      <br/>
                      <span>
                        <img width="3%" src="skipped.png"/>
                        <a href="#" class="method navigator-link" panel-name="suite-Include_Exclude_Method_Suite" title="com.dezlearn.tests.Ebay_Advanced_Search_Sanity" hash-for-method="ebay_logo_link_navigates_home_page_test">ebay_logo_link_navigates_home_page_test</a> <!-- method navigator-link -->
                      </span>
                      <br/>
                      <span>
                        <img width="3%" src="skipped.png"/>
                        <a href="#" class="method navigator-link" panel-name="suite-Include_Exclude_Method_Suite" title="com.dezlearn.tests.Ebay_Advanced_Search_Sanity" hash-for-method="empty_search_test">empty_search_test</a> <!-- method navigator-link -->
                      </span>
                      <br/>
                      <span>
                        <img width="3%" src="skipped.png"/>
                        <a href="#" class="method navigator-link" panel-name="suite-Include_Exclude_Method_Suite" title="com.dezlearn.tests.EbayHome_Sanity" hash-for-method="empty_search_test">empty_search_test</a> <!-- method navigator-link -->
                      </span>
                      <br/>
                    </div> <!-- method-list-content skipped suite-Include_Exclude_Method_Suite -->
                  </li>
                </ul>
              </div> <!-- suite-section-content -->
            </div> <!-- result-section -->
          </div> <!-- navigator-suite-content -->
        </div> <!-- rounded-window -->
      </div> <!-- suite -->
    </div> <!-- navigator-root -->
    <div class="wrapper">
      <div class="main-panel-root">
        <div panel-name="suite-Include_Exclude_Method_Suite" class="panel Include_Exclude_Method_Suite">
          <div class="suite-Include_Exclude_Method_Suite-class-skipped">
            <div class="main-panel-header rounded-window-top">
              <img src="skipped.png"/>
              <span class="class-name">com.dezlearn.tests.EbayHome_Sanity</span>
            </div> <!-- main-panel-header rounded-window-top -->
            <div class="main-panel-content rounded-window-bottom">
              <div class="method">
                <div class="method-content">
                  <a name="empty_search_test">
                  </a> <!-- empty_search_test -->
                  <span class="method-name">empty_search_test</span>
                  <div class="stack-trace">org.openqa.selenium.WebDriverException: unknown error: Chrome failed to start: exited normally.
  (unknown error: DevToolsActivePort file doesn&apos;t exist)
  (The process started from chrome location C:\Program Files (x86)\Google\Chrome\Application\chrome.exe is no longer running, so ChromeDriver is assuming that Chrome has crashed.)
Build info: version: &apos;3.12.0&apos;, revision: &apos;7c6e0b3&apos;, time: &apos;2018-05-08T14:04:26.12Z&apos;
System info: host: &apos;DESKTOP-4NNUI12&apos;, ip: &apos;192.168.56.1&apos;, os.name: &apos;Windows 10&apos;, os.arch: &apos;amd64&apos;, os.version: &apos;10.0&apos;, java.version: &apos;1.8.0_251&apos;
Driver info: driver.version: ChromeDriver
remote stacktrace: Backtrace:
	Ordinal0 [0x00FAC0C3+3326147]
	Ordinal0 [0x00E90851+2164817]
	Ordinal0 [0x00D17298+619160]
	Ordinal0 [0x00C8E4CB+58571]
	Ordinal0 [0x00C8C38A+50058]
	Ordinal0 [0x00CB5F3E+220990]
	Ordinal0 [0x00CB5CAC+220332]
	Ordinal0 [0x00CB189B+202907]
	Ordinal0 [0x00C93DF4+81396]
	Ordinal0 [0x00C94DEE+85486]
	Ordinal0 [0x00C94D79+85369]
	Ordinal0 [0x00EA85DC+2262492]
	GetHandleVerifier [0x01132874+1487204]
	GetHandleVerifier [0x011323CD+1486013]
	GetHandleVerifier [0x0113A368+1518680]
	GetHandleVerifier [0x01132F4E+1488958]
	Ordinal0 [0x00E9ED0D+2223373]
	Ordinal0 [0x00EAA12B+2269483]
	Ordinal0 [0x00EAA26F+2269807]
	Ordinal0 [0x00EBECB8+2354360]
	BaseThreadInitThunk [0x7603FA29+25]
	RtlGetAppContainerNamedObjectPath [0x77297A4E+286]
	RtlGetAppContainerNamedObjectPath [0x77297A1E+238]

	at org.openqa.selenium.remote.W3CHandshakeResponse.lambda$new$0(W3CHandshakeResponse.java:57)
	at org.openqa.selenium.remote.W3CHandshakeResponse.lambda$getResponseFunction$2(W3CHandshakeResponse.java:104)
	at org.openqa.selenium.remote.ProtocolHandshake.lambda$createSession$0(ProtocolHandshake.java:123)
	at java.util.stream.ReferencePipeline$3$1.accept(Unknown Source)
	at java.util.Spliterators$ArraySpliterator.tryAdvance(Unknown Source)
	at java.util.stream.ReferencePipeline.forEachWithCancel(Unknown Source)
	at java.util.stream.AbstractPipeline.copyIntoWithCancel(Unknown Source)
	at java.util.stream.AbstractPipeline.copyInto(Unknown Source)
	at java.util.stream.AbstractPipeline.wrapAndCopyInto(Unknown Source)
	at java.util.stream.FindOps$FindOp.evaluateSequential(Unknown Source)
	at java.util.stream.AbstractPipeline.evaluate(Unknown Source)
	at java.util.stream.ReferencePipeline.findFirst(Unknown Source)
	at org.openqa.selenium.remote.ProtocolHandshake.createSession(ProtocolHandshake.java:126)
	at org.openqa.selenium.remote.ProtocolHandshake.createSession(ProtocolHandshake.java:73)
	at org.openqa.selenium.remote.HttpCommandExecutor.execute(HttpCommandExecutor.java:136)
	at org.openqa.selenium.remote.service.DriverCommandExecutor.execute(DriverCommandExecutor.java:83)
	at org.openqa.selenium.remote.RemoteWebDriver.execute(RemoteWebDriver.java:543)
	at org.openqa.selenium.remote.RemoteWebDriver.startSession(RemoteWebDriver.java:207)
	at org.openqa.selenium.remote.RemoteWebDriver.&lt;init&gt;(RemoteWebDriver.java:130)
	at org.openqa.selenium.chrome.ChromeDriver.&lt;init&gt;(ChromeDriver.java:181)
	at org.openqa.selenium.chrome.ChromeDriver.&lt;init&gt;(ChromeDriver.java:168)
	at org.openqa.selenium.chrome.ChromeDriver.&lt;init&gt;(ChromeDriver.java:123)
	at com.dezlearn.tests.AbstractBaseTest.setUp(AbstractBaseTest.java:33)
	at java.util.ArrayList.forEach(Unknown Source)
... Removed 35 stack frames
</div> <!-- stack-trace -->
                </div> <!-- method-content -->
              </div> <!-- method -->
            </div> <!-- main-panel-content rounded-window-bottom -->
          </div> <!-- suite-Include_Exclude_Method_Suite-class-skipped -->
          <div class="suite-Include_Exclude_Method_Suite-class-skipped">
            <div class="main-panel-header rounded-window-top">
              <img src="skipped.png"/>
              <span class="class-name">com.dezlearn.tests.Ebay_Advanced_Search_Sanity</span>
            </div> <!-- main-panel-header rounded-window-top -->
            <div class="main-panel-content rounded-window-bottom">
              <div class="method">
                <div class="method-content">
                  <a name="advanced_search_keywords_test">
                  </a> <!-- advanced_search_keywords_test -->
                  <span class="method-name">advanced_search_keywords_test</span>
                  <div class="stack-trace">org.openqa.selenium.SessionNotCreatedException: session not created: This version of ChromeDriver only supports Chrome version 87
Current browser version is 91.0.4472.77 with binary path C:\Program Files (x86)\Google\Chrome\Application\chrome.exe
Build info: version: &apos;3.12.0&apos;, revision: &apos;7c6e0b3&apos;, time: &apos;2018-05-08T14:04:26.12Z&apos;
System info: host: &apos;DESKTOP-4NNUI12&apos;, ip: &apos;192.168.56.1&apos;, os.name: &apos;Windows 10&apos;, os.arch: &apos;amd64&apos;, os.version: &apos;10.0&apos;, java.version: &apos;1.8.0_251&apos;
Driver info: driver.version: ChromeDriver
remote stacktrace: Backtrace:
	Ordinal0 [0x00FAC0C3+3326147]
	Ordinal0 [0x00E90851+2164817]
	Ordinal0 [0x00D17298+619160]
	Ordinal0 [0x00C91D92+73106]
	Ordinal0 [0x00C8E119+57625]
	Ordinal0 [0x00C8C38A+50058]
	Ordinal0 [0x00CB5F3E+220990]
	Ordinal0 [0x00CB5CAC+220332]
	Ordinal0 [0x00CB189B+202907]
	Ordinal0 [0x00C93DF4+81396]
	Ordinal0 [0x00C94DEE+85486]
	Ordinal0 [0x00C94D79+85369]
	Ordinal0 [0x00EA85DC+2262492]
	GetHandleVerifier [0x01132874+1487204]
	GetHandleVerifier [0x011323CD+1486013]
	GetHandleVerifier [0x0113A368+1518680]
	GetHandleVerifier [0x01132F4E+1488958]
	Ordinal0 [0x00E9ED0D+2223373]
	Ordinal0 [0x00EAA12B+2269483]
	Ordinal0 [0x00EAA26F+2269807]
	Ordinal0 [0x00EBECB8+2354360]
	BaseThreadInitThunk [0x7603FA29+25]
	RtlGetAppContainerNamedObjectPath [0x77297A4E+286]
	RtlGetAppContainerNamedObjectPath [0x77297A1E+238]

	at org.openqa.selenium.remote.W3CHandshakeResponse.lambda$new$0(W3CHandshakeResponse.java:57)
	at org.openqa.selenium.remote.W3CHandshakeResponse.lambda$getResponseFunction$2(W3CHandshakeResponse.java:104)
	at org.openqa.selenium.remote.ProtocolHandshake.lambda$createSession$0(ProtocolHandshake.java:123)
	at java.util.stream.ReferencePipeline$3$1.accept(Unknown Source)
	at java.util.Spliterators$ArraySpliterator.tryAdvance(Unknown Source)
	at java.util.stream.ReferencePipeline.forEachWithCancel(Unknown Source)
	at java.util.stream.AbstractPipeline.copyIntoWithCancel(Unknown Source)
	at java.util.stream.AbstractPipeline.copyInto(Unknown Source)
	at java.util.stream.AbstractPipeline.wrapAndCopyInto(Unknown Source)
	at java.util.stream.FindOps$FindOp.evaluateSequential(Unknown Source)
	at java.util.stream.AbstractPipeline.evaluate(Unknown Source)
	at java.util.stream.ReferencePipeline.findFirst(Unknown Source)
	at org.openqa.selenium.remote.ProtocolHandshake.createSession(ProtocolHandshake.java:126)
	at org.openqa.selenium.remote.ProtocolHandshake.createSession(ProtocolHandshake.java:73)
	at org.openqa.selenium.remote.HttpCommandExecutor.execute(HttpCommandExecutor.java:136)
	at org.openqa.selenium.remote.service.DriverCommandExecutor.execute(DriverCommandExecutor.java:83)
	at org.openqa.selenium.remote.RemoteWebDriver.execute(RemoteWebDriver.java:543)
	at org.openqa.selenium.remote.RemoteWebDriver.startSession(RemoteWebDriver.java:207)
	at org.openqa.selenium.remote.RemoteWebDriver.&lt;init&gt;(RemoteWebDriver.java:130)
	at org.openqa.selenium.chrome.ChromeDriver.&lt;init&gt;(ChromeDriver.java:181)
	at org.openqa.selenium.chrome.ChromeDriver.&lt;init&gt;(ChromeDriver.java:168)
	at org.openqa.selenium.chrome.ChromeDriver.&lt;init&gt;(ChromeDriver.java:123)
	at com.dezlearn.tests.AbstractBaseTest.setUp(AbstractBaseTest.java:33)
	at java.util.ArrayList.forEach(Unknown Source)
... Removed 35 stack frames
</div> <!-- stack-trace -->
                </div> <!-- method-content -->
              </div> <!-- method -->
              <div class="method">
                <div class="method-content">
                  <a name="category_option_in_ascending_order_test">
                  </a> <!-- category_option_in_ascending_order_test -->
                  <span class="method-name">category_option_in_ascending_order_test</span>
                  <div class="stack-trace">java.lang.NullPointerException
	at com.dezlearn.tests.AbstractBaseTest.teardown(AbstractBaseTest.java:47)
	at java.util.ArrayList.forEach(Unknown Source)
... Removed 32 stack frames
</div> <!-- stack-trace -->
                </div> <!-- method-content -->
              </div> <!-- method -->
              <div class="method">
                <div class="method-content">
                  <a name="ebay_logo_link_navigates_home_page_test">
                  </a> <!-- ebay_logo_link_navigates_home_page_test -->
                  <span class="method-name">ebay_logo_link_navigates_home_page_test</span>
                  <div class="stack-trace">java.lang.NullPointerException
	at com.dezlearn.tests.AbstractBaseTest.teardown(AbstractBaseTest.java:47)
	at java.util.ArrayList.forEach(Unknown Source)
... Removed 32 stack frames
</div> <!-- stack-trace -->
                </div> <!-- method-content -->
              </div> <!-- method -->
              <div class="method">
                <div class="method-content">
                  <a name="empty_search_test">
                  </a> <!-- empty_search_test -->
                  <span class="method-name">empty_search_test</span>
                  <div class="stack-trace">java.lang.NullPointerException
	at com.dezlearn.tests.AbstractBaseTest.teardown(AbstractBaseTest.java:47)
	at java.util.ArrayList.forEach(Unknown Source)
... Removed 32 stack frames
</div> <!-- stack-trace -->
                </div> <!-- method-content -->
              </div> <!-- method -->
            </div> <!-- main-panel-content rounded-window-bottom -->
          </div> <!-- suite-Include_Exclude_Method_Suite-class-skipped -->
        </div> <!-- panel Include_Exclude_Method_Suite -->
        <div panel-name="test-xml-Include_Exclude_Method_Suite" class="panel">
          <div class="main-panel-header rounded-window-top">
            <span class="header-content">C:\Users\Dell\eclipse-May\testNG-project\driver2.xml</span>
          </div> <!-- main-panel-header rounded-window-top -->
          <div class="main-panel-content rounded-window-bottom">
            <pre>
&lt;?xml version=&quot;1.0&quot; encoding=&quot;UTF-8&quot;?&gt;
&lt;!DOCTYPE suite SYSTEM &quot;https://testng.org/testng-1.0.dtd&quot;&gt;
&lt;suite guice-stage=&quot;DEVELOPMENT&quot; name=&quot;Include Exclude Method Suite&quot;&gt;
  &lt;test thread-count=&quot;5&quot; name=&quot;Release 2.0 Methods&quot;&gt;
    &lt;classes&gt;
      &lt;class name=&quot;com.dezlearn.tests.EbayHome_Sanity&quot;&gt;
        &lt;methods&gt;
          &lt;include name=&quot;empty_search_test&quot;/&gt;
        &lt;/methods&gt;
      &lt;/class&gt; &lt;!-- com.dezlearn.tests.EbayHome_Sanity --&gt;
      &lt;class name=&quot;com.dezlearn.tests.Ebay_Advanced_Search_Sanity&quot;&gt;
        &lt;methods&gt;
          &lt;exclude name=&quot;empty_search_test_softassert&quot;/&gt;
        &lt;/methods&gt;
      &lt;/class&gt; &lt;!-- com.dezlearn.tests.Ebay_Advanced_Search_Sanity --&gt;
    &lt;/classes&gt;
  &lt;/test&gt; &lt;!-- Release 2.0 Methods --&gt;
&lt;/suite&gt; &lt;!-- Include Exclude Method Suite --&gt;
            </pre>
          </div> <!-- main-panel-content rounded-window-bottom -->
        </div> <!-- panel -->
        <div panel-name="testlist-Include_Exclude_Method_Suite" class="panel">
          <div class="main-panel-header rounded-window-top">
            <span class="header-content">Tests for Include Exclude Method Suite</span>
          </div> <!-- main-panel-header rounded-window-top -->
          <div class="main-panel-content rounded-window-bottom">
            <ul>
              <li>
                <span class="test-name">Release 2.0 Methods (2 classes)</span>
              </li>
            </ul>
          </div> <!-- main-panel-content rounded-window-bottom -->
        </div> <!-- panel -->
        <div panel-name="group-Include_Exclude_Method_Suite" class="panel">
          <div class="main-panel-header rounded-window-top">
            <span class="header-content">Groups for Include Exclude Method Suite</span>
          </div> <!-- main-panel-header rounded-window-top -->
          <div class="main-panel-content rounded-window-bottom">
            <div class="test-group">
              <span class="test-group-name">P0</span>
              <br/>
              <div class="method-in-group">
                <span class="method-in-group-name">ebay_logo_link_navigates_home_page_test</span>
                <br/>
              </div> <!-- method-in-group -->
              <div class="method-in-group">
                <span class="method-in-group-name">empty_search_test</span>
                <br/>
              </div> <!-- method-in-group -->
            </div> <!-- test-group -->
            <div class="test-group">
              <span class="test-group-name">P1</span>
              <br/>
              <div class="method-in-group">
                <span class="method-in-group-name">advanced_search_keywords_test</span>
                <br/>
              </div> <!-- method-in-group -->
              <div class="method-in-group">
                <span class="method-in-group-name">category_option_in_ascending_order_test</span>
                <br/>
              </div> <!-- method-in-group -->
              <div class="method-in-group">
                <span class="method-in-group-name">empty_search_test</span>
                <br/>
              </div> <!-- method-in-group -->
            </div> <!-- test-group -->
            <div class="test-group">
              <span class="test-group-name">P2</span>
              <br/>
              <div class="method-in-group">
                <span class="method-in-group-name">category_option_in_ascending_order_test</span>
                <br/>
              </div> <!-- method-in-group -->
            </div> <!-- test-group -->
            <div class="test-group">
              <span class="test-group-name">P3</span>
              <br/>
              <div class="method-in-group">
                <span class="method-in-group-name">advanced_search_keywords_test</span>
                <br/>
              </div> <!-- method-in-group -->
            </div> <!-- test-group -->
          </div> <!-- main-panel-content rounded-window-bottom -->
        </div> <!-- panel -->
        <div panel-name="times-Include_Exclude_Method_Suite" class="panel">
          <div class="main-panel-header rounded-window-top">
            <span class="header-content">Times for Include Exclude Method Suite</span>
          </div> <!-- main-panel-header rounded-window-top -->
          <div class="main-panel-content rounded-window-bottom">
            <div class="times-div">
              <script type="text/javascript">
suiteTableInitFunctions.push('tableData_Include_Exclude_Method_Suite');
function tableData_Include_Exclude_Method_Suite() {
var data = new google.visualization.DataTable();
data.addColumn('number', 'Number');
data.addColumn('string', 'Method');
data.addColumn('string', 'Class');
data.addColumn('number', 'Time (ms)');
data.addRows(5);
data.setCell(0, 0, 0)
data.setCell(0, 1, 'empty_search_test')
data.setCell(0, 2, 'com.dezlearn.tests.Ebay_Advanced_Search_Sanity')
data.setCell(0, 3, 0);
data.setCell(1, 0, 1)
data.setCell(1, 1, 'ebay_logo_link_navigates_home_page_test')
data.setCell(1, 2, 'com.dezlearn.tests.Ebay_Advanced_Search_Sanity')
data.setCell(1, 3, 0);
data.setCell(2, 0, 2)
data.setCell(2, 1, 'category_option_in_ascending_order_test')
data.setCell(2, 2, 'com.dezlearn.tests.Ebay_Advanced_Search_Sanity')
data.setCell(2, 3, 0);
data.setCell(3, 0, 3)
data.setCell(3, 1, 'empty_search_test')
data.setCell(3, 2, 'com.dezlearn.tests.EbayHome_Sanity')
data.setCell(3, 3, 0);
data.setCell(4, 0, 4)
data.setCell(4, 1, 'advanced_search_keywords_test')
data.setCell(4, 2, 'com.dezlearn.tests.Ebay_Advanced_Search_Sanity')
data.setCell(4, 3, 0);
window.suiteTableData['Include_Exclude_Method_Suite']= { tableData: data, tableDiv: 'times-div-Include_Exclude_Method_Suite'}
return data;
}
              </script>
              <span class="suite-total-time">Total running time: 0 ms</span>
              <div id="times-div-Include_Exclude_Method_Suite">
              </div> <!-- times-div-Include_Exclude_Method_Suite -->
            </div> <!-- times-div -->
          </div> <!-- main-panel-content rounded-window-bottom -->
        </div> <!-- panel -->
        <div panel-name="reporter-Include_Exclude_Method_Suite" class="panel">
          <div class="main-panel-header rounded-window-top">
            <span class="header-content">Reporter output for Include Exclude Method Suite</span>
          </div> <!-- main-panel-header rounded-window-top -->
          <div class="main-panel-content rounded-window-bottom">
          </div> <!-- main-panel-content rounded-window-bottom -->
        </div> <!-- panel -->
        <div panel-name="ignored-methods-Include_Exclude_Method_Suite" class="panel">
          <div class="main-panel-header rounded-window-top">
            <span class="header-content">2 ignored methods</span>
          </div> <!-- main-panel-header rounded-window-top -->
          <div class="main-panel-content rounded-window-bottom">
            <div class="ignored-class-div">
              <span class="ignored-class-name">com.dezlearn.tests.EbayHome_Sanity</span>
              <div class="ignored-methods-div">
                <span class="ignored-method-name">empty_search_test_softassert</span>
                <br/>
              </div> <!-- ignored-methods-div -->
            </div> <!-- ignored-class-div -->
            <div class="ignored-class-div">
              <span class="ignored-class-name">com.dezlearn.tests.Ebay_Advanced_Search_Sanity</span>
              <div class="ignored-methods-div">
                <span class="ignored-method-name">empty_search_test_softassert</span>
                <br/>
              </div> <!-- ignored-methods-div -->
            </div> <!-- ignored-class-div -->
          </div> <!-- main-panel-content rounded-window-bottom -->
        </div> <!-- panel -->
        <div panel-name="chronological-Include_Exclude_Method_Suite" class="panel">
          <div class="main-panel-header rounded-window-top">
            <span class="header-content">Methods in chronological order</span>
          </div> <!-- main-panel-header rounded-window-top -->
          <div class="main-panel-content rounded-window-bottom">
            <div class="chronological-class">
              <div class="chronological-class-name">com.dezlearn.tests.EbayHome_Sanity</div> <!-- chronological-class-name -->
              <div class="configuration-class before">
                <span class="method-name">beforeClassSetup</span>
                <span class="method-start">0 ms</span>
              </div> <!-- configuration-class before -->
              <div class="configuration-method before">
                <img src="failed.png">
                </img>
                <span class="method-name">setUp(Chrome, G:\TOOLS\Browsers Drivers\Chrome drivers\Latest\chromedriver.exe\)</span>
                <span class="method-start">24 ms</span>
              </div> <!-- configuration-method before -->
              <div class="test-method">
                <span class="method-name">empty_search_test</span>
                <span class="method-start">6498 ms</span>
              </div> <!-- test-method -->
              <div class="configuration-method after">
                <img src="failed.png">
                </img>
                <span class="method-name">teardown</span>
                <span class="method-start">6505 ms</span>
              </div> <!-- configuration-method after -->
              <div class="configuration-class after">
                <span class="method-name">afterClassSetup</span>
                <span class="method-start">6508 ms</span>
              </div> <!-- configuration-class after -->
            </div> <!-- chronological-class -->
            <div class="chronological-class">
              <div class="chronological-class-name">com.dezlearn.tests.Ebay_Advanced_Search_Sanity</div> <!-- chronological-class-name -->
              <div class="configuration-class before">
                <span class="method-name">beforeClassSetup</span>
                <span class="method-start">6511 ms</span>
              </div> <!-- configuration-class before -->
              <div class="configuration-method before">
                <img src="failed.png">
                </img>
                <span class="method-name">setUp(Chrome, G:\TOOLS\Browsers Drivers\Chrome drivers\Latest\chromedriver.exe\)</span>
                <span class="method-start">6511 ms</span>
              </div> <!-- configuration-method before -->
              <div class="test-method">
                <span class="method-name">advanced_search_keywords_test</span>
                <span class="method-start">11377 ms</span>
              </div> <!-- test-method -->
              <div class="configuration-method after">
                <img src="failed.png">
                </img>
                <span class="method-name">teardown</span>
                <span class="method-start">11392 ms</span>
              </div> <!-- configuration-method after -->
              <div class="configuration-method before">
                <img src="failed.png">
                </img>
                <span class="method-name">setUp(Chrome, G:\TOOLS\Browsers Drivers\Chrome drivers\Latest\chromedriver.exe\)</span>
                <span class="method-start">11395 ms</span>
              </div> <!-- configuration-method before -->
              <div class="test-method">
                <span class="method-name">category_option_in_ascending_order_test</span>
                <span class="method-start">13449 ms</span>
              </div> <!-- test-method -->
              <div class="configuration-method after">
                <img src="failed.png">
                </img>
                <span class="method-name">teardown</span>
                <span class="method-start">13454 ms</span>
              </div> <!-- configuration-method after -->
              <div class="configuration-method before">
                <img src="failed.png">
                </img>
                <span class="method-name">setUp(Chrome, G:\TOOLS\Browsers Drivers\Chrome drivers\Latest\chromedriver.exe\)</span>
                <span class="method-start">13551 ms</span>
              </div> <!-- configuration-method before -->
              <div class="test-method">
                <span class="method-name">ebay_logo_link_navigates_home_page_test</span>
                <span class="method-start">15302 ms</span>
              </div> <!-- test-method -->
              <div class="configuration-method after">
                <img src="failed.png">
                </img>
                <span class="method-name">teardown</span>
                <span class="method-start">15310 ms</span>
              </div> <!-- configuration-method after -->
              <div class="configuration-method before">
                <img src="failed.png">
                </img>
                <span class="method-name">setUp(Chrome, G:\TOOLS\Browsers Drivers\Chrome drivers\Latest\chromedriver.exe\)</span>
                <span class="method-start">15315 ms</span>
              </div> <!-- configuration-method before -->
              <div class="test-method">
                <span class="method-name">empty_search_test</span>
                <span class="method-start">16852 ms</span>
              </div> <!-- test-method -->
              <div class="configuration-method after">
                <img src="failed.png">
                </img>
                <span class="method-name">teardown</span>
                <span class="method-start">16858 ms</span>
              </div> <!-- configuration-method after -->
              <div class="configuration-class after">
                <span class="method-name">afterClassSetup</span>
                <span class="method-start">16862 ms</span>
              </div> <!-- configuration-class after -->
          </div> <!-- main-panel-content rounded-window-bottom -->
        </div> <!-- panel -->
      </div> <!-- main-panel-root -->
    </div> <!-- wrapper -->
  </body>
<script type="text/javascript" src="testng-reports2.js"></script>
</html>
