<?xml version="1.0" encoding="UTF-8"?>
<!-- Generated by org.testng.reporters.JUnitXMLReporter -->
<testsuite hostname="DESKTOP-4NNUI12" ignored="3" name="Release 1.0 Sanity testing" tests="4" failures="0" timestamp="2021-06-05T17:50:38 IST" time="10.747" errors="0">
  <testcase name="@BeforeMethod setUp" time="5.828" classname="com.dezlearn.tests.AbstractBaseTest">
    <failure type="org.openqa.selenium.SessionNotCreatedException" message="session not created: This version of ChromeDriver only supports Chrome version 87
Current browser version is 90.0.4430.93 with binary path C:\Program Files (x86)\Google\Chrome\Application\chrome.exe
Build info: version: &amp;apos;3.12.0&amp;apos;, revision: &amp;apos;7c6e0b3&amp;apos;, time: &amp;apos;2018-05-08T14:04:26.12Z&amp;apos;
System info: host: &amp;apos;DESKTOP-4NNUI12&amp;apos;, ip: &amp;apos;192.168.56.1&amp;apos;, os.name: &amp;apos;Windows 10&amp;apos;, os.arch: &amp;apos;amd64&amp;apos;, os.version: &amp;apos;10.0&amp;apos;, java.version: &amp;apos;1.8.0_251&amp;apos;
Driver info: driver.version: ChromeDriver
remote stacktrace: Backtrace:
	Ordinal0 [0x00E2C0C3+3326147]
	Ordinal0 [0x00D10851+2164817]
	Ordinal0 [0x00B97298+619160]
	Ordinal0 [0x00B11D92+73106]
	Ordinal0 [0x00B0E119+57625]
	Ordinal0 [0x00B0C38A+50058]
	Ordinal0 [0x00B35F3E+220990]
	Ordinal0 [0x00B35CAC+220332]
	Ordinal0 [0x00B3189B+202907]
	Ordinal0 [0x00B13DF4+81396]
	Ordinal0 [0x00B14DEE+85486]
	Ordinal0 [0x00B14D79+85369]
	Ordinal0 [0x00D285DC+2262492]
	GetHandleVerifier [0x00FB2874+1487204]
	GetHandleVerifier [0x00FB23CD+1486013]
	GetHandleVerifier [0x00FBA368+1518680]
	GetHandleVerifier [0x00FB2F4E+1488958]
	Ordinal0 [0x00D1ED0D+2223373]
	Ordinal0 [0x00D2A12B+2269483]
	Ordinal0 [0x00D2A26F+2269807]
	Ordinal0 [0x00D3ECB8+2354360]
	BaseThreadInitThunk [0x75FBFA29+25]
	RtlGetAppContainerNamedObjectPath [0x77C47A4E+286]
	RtlGetAppContainerNamedObjectPath [0x77C47A1E+238]
">
      <![CDATA[org.openqa.selenium.SessionNotCreatedException: session not created: This version of ChromeDriver only supports Chrome version 87
Current browser version is 90.0.4430.93 with binary path C:\Program Files (x86)\Google\Chrome\Application\chrome.exe
Build info: version: '3.12.0', revision: '7c6e0b3', time: '2018-05-08T14:04:26.12Z'
System info: host: 'DESKTOP-4NNUI12', ip: '192.168.56.1', os.name: 'Windows 10', os.arch: 'amd64', os.version: '10.0', java.version: '1.8.0_251'
Driver info: driver.version: ChromeDriver
remote stacktrace: Backtrace:
Ordinal0 [0x00E2C0C3+3326147]
Ordinal0 [0x00D10851+2164817]
Ordinal0 [0x00B97298+619160]
Ordinal0 [0x00B11D92+73106]
Ordinal0 [0x00B0E119+57625]
Ordinal0 [0x00B0C38A+50058]
Ordinal0 [0x00B35F3E+220990]
Ordinal0 [0x00B35CAC+220332]
Ordinal0 [0x00B3189B+202907]
Ordinal0 [0x00B13DF4+81396]
Ordinal0 [0x00B14DEE+85486]
Ordinal0 [0x00B14D79+85369]
Ordinal0 [0x00D285DC+2262492]
GetHandleVerifier [0x00FB2874+1487204]
GetHandleVerifier [0x00FB23CD+1486013]
GetHandleVerifier [0x00FBA368+1518680]
GetHandleVerifier [0x00FB2F4E+1488958]
Ordinal0 [0x00D1ED0D+2223373]
Ordinal0 [0x00D2A12B+2269483]
Ordinal0 [0x00D2A26F+2269807]
Ordinal0 [0x00D3ECB8+2354360]
BaseThreadInitThunk [0x75FBFA29+25]
RtlGetAppContainerNamedObjectPath [0x77C47A4E+286]
RtlGetAppContainerNamedObjectPath [0x77C47A1E+238]

at org.openqa.selenium.remote.W3CHandshakeResponse.lambda$new$0(W3CHandshakeResponse.java:57)
at org.openqa.selenium.remote.W3CHandshakeResponse.lambda$getResponseFunction$2(W3CHandshakeResponse.java:104)
at org.openqa.selenium.remote.ProtocolHandshake.lambda$createSession$0(ProtocolHandshake.java:123)
at java.util.stream.ReferencePipeline$3$1.accept(Unknown Source)
at java.util.Spliterators$ArraySpliterator.tryAdvance(Unknown Source)
at java.util.stream.ReferencePipeline.forEachWithCancel(Unknown Source)
at java.util.stream.AbstractPipeline.copyIntoWithCancel(Unknown Source)
at java.util.stream.AbstractPipeline.copyInto(Unknown Source)
at java.util.stream.AbstractPipeline.wrapAndCopyInto(Unknown Source)
at java.util.stream.FindOps$FindOp.evaluateSequential(Unknown Source)
at java.util.stream.AbstractPipeline.evaluate(Unknown Source)
at java.util.stream.ReferencePipeline.findFirst(Unknown Source)
at org.openqa.selenium.remote.ProtocolHandshake.createSession(ProtocolHandshake.java:126)
at org.openqa.selenium.remote.ProtocolHandshake.createSession(ProtocolHandshake.java:73)
at org.openqa.selenium.remote.HttpCommandExecutor.execute(HttpCommandExecutor.java:136)
at org.openqa.selenium.remote.service.DriverCommandExecutor.execute(DriverCommandExecutor.java:83)
at org.openqa.selenium.remote.RemoteWebDriver.execute(RemoteWebDriver.java:543)
at org.openqa.selenium.remote.RemoteWebDriver.startSession(RemoteWebDriver.java:207)
at org.openqa.selenium.remote.RemoteWebDriver.<init>(RemoteWebDriver.java:130)
at org.openqa.selenium.chrome.ChromeDriver.<init>(ChromeDriver.java:181)
at org.openqa.selenium.chrome.ChromeDriver.<init>(ChromeDriver.java:168)
at org.openqa.selenium.chrome.ChromeDriver.<init>(ChromeDriver.java:123)
at com.dezlearn.tests.AbstractBaseTest.setUp(AbstractBaseTest.java:33)
at java.util.ArrayList.forEach(Unknown Source)
... Removed 35 stack frames]]>
    </failure>
  </testcase> <!-- @BeforeMethod setUp -->
  <testcase name="@AfterMethod teardown" time="0.0" classname="com.dezlearn.tests.AbstractBaseTest">
    <failure type="java.lang.NullPointerException">
      <![CDATA[java.lang.NullPointerException
at com.dezlearn.tests.AbstractBaseTest.teardown(AbstractBaseTest.java:47)
at java.util.ArrayList.forEach(Unknown Source)
... Removed 32 stack frames]]>
    </failure>
  </testcase> <!-- @AfterMethod teardown -->
  <testcase name="@BeforeMethod setUp" time="1.333" classname="com.dezlearn.tests.AbstractBaseTest">
    <failure type="org.openqa.selenium.SessionNotCreatedException" message="session not created: This version of ChromeDriver only supports Chrome version 87
Current browser version is 90.0.4430.93 with binary path C:\Program Files (x86)\Google\Chrome\Application\chrome.exe
Build info: version: &amp;apos;3.12.0&amp;apos;, revision: &amp;apos;7c6e0b3&amp;apos;, time: &amp;apos;2018-05-08T14:04:26.12Z&amp;apos;
System info: host: &amp;apos;DESKTOP-4NNUI12&amp;apos;, ip: &amp;apos;192.168.56.1&amp;apos;, os.name: &amp;apos;Windows 10&amp;apos;, os.arch: &amp;apos;amd64&amp;apos;, os.version: &amp;apos;10.0&amp;apos;, java.version: &amp;apos;1.8.0_251&amp;apos;
Driver info: driver.version: ChromeDriver
remote stacktrace: Backtrace:
	Ordinal0 [0x00E2C0C3+3326147]
	Ordinal0 [0x00D10851+2164817]
	Ordinal0 [0x00B97298+619160]
	Ordinal0 [0x00B11D92+73106]
	Ordinal0 [0x00B0E119+57625]
	Ordinal0 [0x00B0C38A+50058]
	Ordinal0 [0x00B35F3E+220990]
	Ordinal0 [0x00B35CAC+220332]
	Ordinal0 [0x00B3189B+202907]
	Ordinal0 [0x00B13DF4+81396]
	Ordinal0 [0x00B14DEE+85486]
	Ordinal0 [0x00B14D79+85369]
	Ordinal0 [0x00D285DC+2262492]
	GetHandleVerifier [0x00FB2874+1487204]
	GetHandleVerifier [0x00FB23CD+1486013]
	GetHandleVerifier [0x00FBA368+1518680]
	GetHandleVerifier [0x00FB2F4E+1488958]
	Ordinal0 [0x00D1ED0D+2223373]
	Ordinal0 [0x00D2A12B+2269483]
	Ordinal0 [0x00D2A26F+2269807]
	Ordinal0 [0x00D3ECB8+2354360]
	BaseThreadInitThunk [0x75FBFA29+25]
	RtlGetAppContainerNamedObjectPath [0x77C47A4E+286]
	RtlGetAppContainerNamedObjectPath [0x77C47A1E+238]
">
      <![CDATA[org.openqa.selenium.SessionNotCreatedException: session not created: This version of ChromeDriver only supports Chrome version 87
Current browser version is 90.0.4430.93 with binary path C:\Program Files (x86)\Google\Chrome\Application\chrome.exe
Build info: version: '3.12.0', revision: '7c6e0b3', time: '2018-05-08T14:04:26.12Z'
System info: host: 'DESKTOP-4NNUI12', ip: '192.168.56.1', os.name: 'Windows 10', os.arch: 'amd64', os.version: '10.0', java.version: '1.8.0_251'
Driver info: driver.version: ChromeDriver
remote stacktrace: Backtrace:
Ordinal0 [0x00E2C0C3+3326147]
Ordinal0 [0x00D10851+2164817]
Ordinal0 [0x00B97298+619160]
Ordinal0 [0x00B11D92+73106]
Ordinal0 [0x00B0E119+57625]
Ordinal0 [0x00B0C38A+50058]
Ordinal0 [0x00B35F3E+220990]
Ordinal0 [0x00B35CAC+220332]
Ordinal0 [0x00B3189B+202907]
Ordinal0 [0x00B13DF4+81396]
Ordinal0 [0x00B14DEE+85486]
Ordinal0 [0x00B14D79+85369]
Ordinal0 [0x00D285DC+2262492]
GetHandleVerifier [0x00FB2874+1487204]
GetHandleVerifier [0x00FB23CD+1486013]
GetHandleVerifier [0x00FBA368+1518680]
GetHandleVerifier [0x00FB2F4E+1488958]
Ordinal0 [0x00D1ED0D+2223373]
Ordinal0 [0x00D2A12B+2269483]
Ordinal0 [0x00D2A26F+2269807]
Ordinal0 [0x00D3ECB8+2354360]
BaseThreadInitThunk [0x75FBFA29+25]
RtlGetAppContainerNamedObjectPath [0x77C47A4E+286]
RtlGetAppContainerNamedObjectPath [0x77C47A1E+238]

at org.openqa.selenium.remote.W3CHandshakeResponse.lambda$new$0(W3CHandshakeResponse.java:57)
at org.openqa.selenium.remote.W3CHandshakeResponse.lambda$getResponseFunction$2(W3CHandshakeResponse.java:104)
at org.openqa.selenium.remote.ProtocolHandshake.lambda$createSession$0(ProtocolHandshake.java:123)
at java.util.stream.ReferencePipeline$3$1.accept(Unknown Source)
at java.util.Spliterators$ArraySpliterator.tryAdvance(Unknown Source)
at java.util.stream.ReferencePipeline.forEachWithCancel(Unknown Source)
at java.util.stream.AbstractPipeline.copyIntoWithCancel(Unknown Source)
at java.util.stream.AbstractPipeline.copyInto(Unknown Source)
at java.util.stream.AbstractPipeline.wrapAndCopyInto(Unknown Source)
at java.util.stream.FindOps$FindOp.evaluateSequential(Unknown Source)
at java.util.stream.AbstractPipeline.evaluate(Unknown Source)
at java.util.stream.ReferencePipeline.findFirst(Unknown Source)
at org.openqa.selenium.remote.ProtocolHandshake.createSession(ProtocolHandshake.java:126)
at org.openqa.selenium.remote.ProtocolHandshake.createSession(ProtocolHandshake.java:73)
at org.openqa.selenium.remote.HttpCommandExecutor.execute(HttpCommandExecutor.java:136)
at org.openqa.selenium.remote.service.DriverCommandExecutor.execute(DriverCommandExecutor.java:83)
at org.openqa.selenium.remote.RemoteWebDriver.execute(RemoteWebDriver.java:543)
at org.openqa.selenium.remote.RemoteWebDriver.startSession(RemoteWebDriver.java:207)
at org.openqa.selenium.remote.RemoteWebDriver.<init>(RemoteWebDriver.java:130)
at org.openqa.selenium.chrome.ChromeDriver.<init>(ChromeDriver.java:181)
at org.openqa.selenium.chrome.ChromeDriver.<init>(ChromeDriver.java:168)
at org.openqa.selenium.chrome.ChromeDriver.<init>(ChromeDriver.java:123)
at com.dezlearn.tests.AbstractBaseTest.setUp(AbstractBaseTest.java:33)
at java.util.ArrayList.forEach(Unknown Source)
... Removed 35 stack frames]]>
    </failure>
  </testcase> <!-- @BeforeMethod setUp -->
  <testcase name="@AfterMethod teardown" time="0.001" classname="com.dezlearn.tests.AbstractBaseTest">
    <failure type="java.lang.NullPointerException">
      <![CDATA[java.lang.NullPointerException
at com.dezlearn.tests.AbstractBaseTest.teardown(AbstractBaseTest.java:47)
at java.util.ArrayList.forEach(Unknown Source)
... Removed 32 stack frames]]>
    </failure>
  </testcase> <!-- @AfterMethod teardown -->
  <testcase name="@BeforeMethod setUp" time="1.381" classname="com.dezlearn.tests.AbstractBaseTest">
    <failure type="org.openqa.selenium.SessionNotCreatedException" message="session not created: This version of ChromeDriver only supports Chrome version 87
Current browser version is 90.0.4430.93 with binary path C:\Program Files (x86)\Google\Chrome\Application\chrome.exe
Build info: version: &amp;apos;3.12.0&amp;apos;, revision: &amp;apos;7c6e0b3&amp;apos;, time: &amp;apos;2018-05-08T14:04:26.12Z&amp;apos;
System info: host: &amp;apos;DESKTOP-4NNUI12&amp;apos;, ip: &amp;apos;192.168.56.1&amp;apos;, os.name: &amp;apos;Windows 10&amp;apos;, os.arch: &amp;apos;amd64&amp;apos;, os.version: &amp;apos;10.0&amp;apos;, java.version: &amp;apos;1.8.0_251&amp;apos;
Driver info: driver.version: ChromeDriver
remote stacktrace: Backtrace:
	Ordinal0 [0x00E2C0C3+3326147]
	Ordinal0 [0x00D10851+2164817]
	Ordinal0 [0x00B97298+619160]
	Ordinal0 [0x00B11D92+73106]
	Ordinal0 [0x00B0E119+57625]
	Ordinal0 [0x00B0C38A+50058]
	Ordinal0 [0x00B35F3E+220990]
	Ordinal0 [0x00B35CAC+220332]
	Ordinal0 [0x00B3189B+202907]
	Ordinal0 [0x00B13DF4+81396]
	Ordinal0 [0x00B14DEE+85486]
	Ordinal0 [0x00B14D79+85369]
	Ordinal0 [0x00D285DC+2262492]
	GetHandleVerifier [0x00FB2874+1487204]
	GetHandleVerifier [0x00FB23CD+1486013]
	GetHandleVerifier [0x00FBA368+1518680]
	GetHandleVerifier [0x00FB2F4E+1488958]
	Ordinal0 [0x00D1ED0D+2223373]
	Ordinal0 [0x00D2A12B+2269483]
	Ordinal0 [0x00D2A26F+2269807]
	Ordinal0 [0x00D3ECB8+2354360]
	BaseThreadInitThunk [0x75FBFA29+25]
	RtlGetAppContainerNamedObjectPath [0x77C47A4E+286]
	RtlGetAppContainerNamedObjectPath [0x77C47A1E+238]
">
      <![CDATA[org.openqa.selenium.SessionNotCreatedException: session not created: This version of ChromeDriver only supports Chrome version 87
Current browser version is 90.0.4430.93 with binary path C:\Program Files (x86)\Google\Chrome\Application\chrome.exe
Build info: version: '3.12.0', revision: '7c6e0b3', time: '2018-05-08T14:04:26.12Z'
System info: host: 'DESKTOP-4NNUI12', ip: '192.168.56.1', os.name: 'Windows 10', os.arch: 'amd64', os.version: '10.0', java.version: '1.8.0_251'
Driver info: driver.version: ChromeDriver
remote stacktrace: Backtrace:
Ordinal0 [0x00E2C0C3+3326147]
Ordinal0 [0x00D10851+2164817]
Ordinal0 [0x00B97298+619160]
Ordinal0 [0x00B11D92+73106]
Ordinal0 [0x00B0E119+57625]
Ordinal0 [0x00B0C38A+50058]
Ordinal0 [0x00B35F3E+220990]
Ordinal0 [0x00B35CAC+220332]
Ordinal0 [0x00B3189B+202907]
Ordinal0 [0x00B13DF4+81396]
Ordinal0 [0x00B14DEE+85486]
Ordinal0 [0x00B14D79+85369]
Ordinal0 [0x00D285DC+2262492]
GetHandleVerifier [0x00FB2874+1487204]
GetHandleVerifier [0x00FB23CD+1486013]
GetHandleVerifier [0x00FBA368+1518680]
GetHandleVerifier [0x00FB2F4E+1488958]
Ordinal0 [0x00D1ED0D+2223373]
Ordinal0 [0x00D2A12B+2269483]
Ordinal0 [0x00D2A26F+2269807]
Ordinal0 [0x00D3ECB8+2354360]
BaseThreadInitThunk [0x75FBFA29+25]
RtlGetAppContainerNamedObjectPath [0x77C47A4E+286]
RtlGetAppContainerNamedObjectPath [0x77C47A1E+238]

at org.openqa.selenium.remote.W3CHandshakeResponse.lambda$new$0(W3CHandshakeResponse.java:57)
at org.openqa.selenium.remote.W3CHandshakeResponse.lambda$getResponseFunction$2(W3CHandshakeResponse.java:104)
at org.openqa.selenium.remote.ProtocolHandshake.lambda$createSession$0(ProtocolHandshake.java:123)
at java.util.stream.ReferencePipeline$3$1.accept(Unknown Source)
at java.util.Spliterators$ArraySpliterator.tryAdvance(Unknown Source)
at java.util.stream.ReferencePipeline.forEachWithCancel(Unknown Source)
at java.util.stream.AbstractPipeline.copyIntoWithCancel(Unknown Source)
at java.util.stream.AbstractPipeline.copyInto(Unknown Source)
at java.util.stream.AbstractPipeline.wrapAndCopyInto(Unknown Source)
at java.util.stream.FindOps$FindOp.evaluateSequential(Unknown Source)
at java.util.stream.AbstractPipeline.evaluate(Unknown Source)
at java.util.stream.ReferencePipeline.findFirst(Unknown Source)
at org.openqa.selenium.remote.ProtocolHandshake.createSession(ProtocolHandshake.java:126)
at org.openqa.selenium.remote.ProtocolHandshake.createSession(ProtocolHandshake.java:73)
at org.openqa.selenium.remote.HttpCommandExecutor.execute(HttpCommandExecutor.java:136)
at org.openqa.selenium.remote.service.DriverCommandExecutor.execute(DriverCommandExecutor.java:83)
at org.openqa.selenium.remote.RemoteWebDriver.execute(RemoteWebDriver.java:543)
at org.openqa.selenium.remote.RemoteWebDriver.startSession(RemoteWebDriver.java:207)
at org.openqa.selenium.remote.RemoteWebDriver.<init>(RemoteWebDriver.java:130)
at org.openqa.selenium.chrome.ChromeDriver.<init>(ChromeDriver.java:181)
at org.openqa.selenium.chrome.ChromeDriver.<init>(ChromeDriver.java:168)
at org.openqa.selenium.chrome.ChromeDriver.<init>(ChromeDriver.java:123)
at com.dezlearn.tests.AbstractBaseTest.setUp(AbstractBaseTest.java:33)
at java.util.ArrayList.forEach(Unknown Source)
... Removed 35 stack frames]]>
    </failure>
  </testcase> <!-- @BeforeMethod setUp -->
  <testcase name="@AfterMethod teardown" time="0.0" classname="com.dezlearn.tests.AbstractBaseTest">
    <failure type="java.lang.NullPointerException">
      <![CDATA[java.lang.NullPointerException
at com.dezlearn.tests.AbstractBaseTest.teardown(AbstractBaseTest.java:47)
at java.util.ArrayList.forEach(Unknown Source)
... Removed 32 stack frames]]>
    </failure>
  </testcase> <!-- @AfterMethod teardown -->
  <testcase name="@BeforeMethod setUp" time="2.037" classname="com.dezlearn.tests.AbstractBaseTest">
    <failure type="org.openqa.selenium.SessionNotCreatedException" message="session not created: This version of ChromeDriver only supports Chrome version 87
Current browser version is 90.0.4430.93 with binary path C:\Program Files (x86)\Google\Chrome\Application\chrome.exe
Build info: version: &amp;apos;3.12.0&amp;apos;, revision: &amp;apos;7c6e0b3&amp;apos;, time: &amp;apos;2018-05-08T14:04:26.12Z&amp;apos;
System info: host: &amp;apos;DESKTOP-4NNUI12&amp;apos;, ip: &amp;apos;192.168.56.1&amp;apos;, os.name: &amp;apos;Windows 10&amp;apos;, os.arch: &amp;apos;amd64&amp;apos;, os.version: &amp;apos;10.0&amp;apos;, java.version: &amp;apos;1.8.0_251&amp;apos;
Driver info: driver.version: ChromeDriver
remote stacktrace: Backtrace:
	Ordinal0 [0x00E2C0C3+3326147]
	Ordinal0 [0x00D10851+2164817]
	Ordinal0 [0x00B97298+619160]
	Ordinal0 [0x00B11D92+73106]
	Ordinal0 [0x00B0E119+57625]
	Ordinal0 [0x00B0C38A+50058]
	Ordinal0 [0x00B35F3E+220990]
	Ordinal0 [0x00B35CAC+220332]
	Ordinal0 [0x00B3189B+202907]
	Ordinal0 [0x00B13DF4+81396]
	Ordinal0 [0x00B14DEE+85486]
	Ordinal0 [0x00B14D79+85369]
	Ordinal0 [0x00D285DC+2262492]
	GetHandleVerifier [0x00FB2874+1487204]
	GetHandleVerifier [0x00FB23CD+1486013]
	GetHandleVerifier [0x00FBA368+1518680]
	GetHandleVerifier [0x00FB2F4E+1488958]
	Ordinal0 [0x00D1ED0D+2223373]
	Ordinal0 [0x00D2A12B+2269483]
	Ordinal0 [0x00D2A26F+2269807]
	Ordinal0 [0x00D3ECB8+2354360]
	BaseThreadInitThunk [0x75FBFA29+25]
	RtlGetAppContainerNamedObjectPath [0x77C47A4E+286]
	RtlGetAppContainerNamedObjectPath [0x77C47A1E+238]
">
      <![CDATA[org.openqa.selenium.SessionNotCreatedException: session not created: This version of ChromeDriver only supports Chrome version 87
Current browser version is 90.0.4430.93 with binary path C:\Program Files (x86)\Google\Chrome\Application\chrome.exe
Build info: version: '3.12.0', revision: '7c6e0b3', time: '2018-05-08T14:04:26.12Z'
System info: host: 'DESKTOP-4NNUI12', ip: '192.168.56.1', os.name: 'Windows 10', os.arch: 'amd64', os.version: '10.0', java.version: '1.8.0_251'
Driver info: driver.version: ChromeDriver
remote stacktrace: Backtrace:
Ordinal0 [0x00E2C0C3+3326147]
Ordinal0 [0x00D10851+2164817]
Ordinal0 [0x00B97298+619160]
Ordinal0 [0x00B11D92+73106]
Ordinal0 [0x00B0E119+57625]
Ordinal0 [0x00B0C38A+50058]
Ordinal0 [0x00B35F3E+220990]
Ordinal0 [0x00B35CAC+220332]
Ordinal0 [0x00B3189B+202907]
Ordinal0 [0x00B13DF4+81396]
Ordinal0 [0x00B14DEE+85486]
Ordinal0 [0x00B14D79+85369]
Ordinal0 [0x00D285DC+2262492]
GetHandleVerifier [0x00FB2874+1487204]
GetHandleVerifier [0x00FB23CD+1486013]
GetHandleVerifier [0x00FBA368+1518680]
GetHandleVerifier [0x00FB2F4E+1488958]
Ordinal0 [0x00D1ED0D+2223373]
Ordinal0 [0x00D2A12B+2269483]
Ordinal0 [0x00D2A26F+2269807]
Ordinal0 [0x00D3ECB8+2354360]
BaseThreadInitThunk [0x75FBFA29+25]
RtlGetAppContainerNamedObjectPath [0x77C47A4E+286]
RtlGetAppContainerNamedObjectPath [0x77C47A1E+238]

at org.openqa.selenium.remote.W3CHandshakeResponse.lambda$new$0(W3CHandshakeResponse.java:57)
at org.openqa.selenium.remote.W3CHandshakeResponse.lambda$getResponseFunction$2(W3CHandshakeResponse.java:104)
at org.openqa.selenium.remote.ProtocolHandshake.lambda$createSession$0(ProtocolHandshake.java:123)
at java.util.stream.ReferencePipeline$3$1.accept(Unknown Source)
at java.util.Spliterators$ArraySpliterator.tryAdvance(Unknown Source)
at java.util.stream.ReferencePipeline.forEachWithCancel(Unknown Source)
at java.util.stream.AbstractPipeline.copyIntoWithCancel(Unknown Source)
at java.util.stream.AbstractPipeline.copyInto(Unknown Source)
at java.util.stream.AbstractPipeline.wrapAndCopyInto(Unknown Source)
at java.util.stream.FindOps$FindOp.evaluateSequential(Unknown Source)
at java.util.stream.AbstractPipeline.evaluate(Unknown Source)
at java.util.stream.ReferencePipeline.findFirst(Unknown Source)
at org.openqa.selenium.remote.ProtocolHandshake.createSession(ProtocolHandshake.java:126)
at org.openqa.selenium.remote.ProtocolHandshake.createSession(ProtocolHandshake.java:73)
at org.openqa.selenium.remote.HttpCommandExecutor.execute(HttpCommandExecutor.java:136)
at org.openqa.selenium.remote.service.DriverCommandExecutor.execute(DriverCommandExecutor.java:83)
at org.openqa.selenium.remote.RemoteWebDriver.execute(RemoteWebDriver.java:543)
at org.openqa.selenium.remote.RemoteWebDriver.startSession(RemoteWebDriver.java:207)
at org.openqa.selenium.remote.RemoteWebDriver.<init>(RemoteWebDriver.java:130)
at org.openqa.selenium.chrome.ChromeDriver.<init>(ChromeDriver.java:181)
at org.openqa.selenium.chrome.ChromeDriver.<init>(ChromeDriver.java:168)
at org.openqa.selenium.chrome.ChromeDriver.<init>(ChromeDriver.java:123)
at com.dezlearn.tests.AbstractBaseTest.setUp(AbstractBaseTest.java:33)
at java.util.ArrayList.forEach(Unknown Source)
... Removed 35 stack frames]]>
    </failure>
  </testcase> <!-- @BeforeMethod setUp -->
  <testcase name="@AfterMethod teardown" time="0.002" classname="com.dezlearn.tests.AbstractBaseTest">
    <failure type="java.lang.NullPointerException">
      <![CDATA[java.lang.NullPointerException
at com.dezlearn.tests.AbstractBaseTest.teardown(AbstractBaseTest.java:47)
at java.util.ArrayList.forEach(Unknown Source)
... Removed 32 stack frames]]>
    </failure>
  </testcase> <!-- @AfterMethod teardown -->
  <testcase name="empty_search_test" time="0.0" classname="com.dezlearn.tests.EbayHome_Sanity">
    <skipped/>
  </testcase> <!-- empty_search_test -->
  <testcase name="ebay_logo_link_navigates_home_page_test" time="0.0" classname="com.dezlearn.tests.Ebay_Advanced_Search_Sanity">
    <skipped/>
  </testcase> <!-- ebay_logo_link_navigates_home_page_test -->
  <testcase name="empty_search_test" time="0.0" classname="com.dezlearn.tests.Ebay_Advanced_Search_Sanity">
    <skipped/>
  </testcase> <!-- empty_search_test -->
  <testcase name="empty_search_test_softassert" time="0.0" classname="com.dezlearn.tests.Ebay_Advanced_Search_Sanity">
    <skipped/>
  </testcase> <!-- empty_search_test_softassert -->
  <testcase name="advanced_search_keywords_test" time="0.0" classname="com.dezlearn.tests.Ebay_Advanced_Search_Sanity">
    <ignored/>
  </testcase> <!-- advanced_search_keywords_test -->
  <testcase name="category_option_in_ascending_order_test" time="0.0" classname="com.dezlearn.tests.Ebay_Advanced_Search_Sanity">
    <ignored/>
  </testcase> <!-- category_option_in_ascending_order_test -->
  <testcase name="empty_search_test_softassert" time="0.0" classname="com.dezlearn.tests.EbayHome_Sanity">
    <ignored/>
  </testcase> <!-- empty_search_test_softassert -->
</testsuite> <!-- Release 1.0 Sanity testing -->
