<?xml version="1.0" encoding="UTF-8"?>
<!-- Generated by org.testng.reporters.JUnitXMLReporter -->
<testsuite hostname="DESKTOP-4NNUI12" ignored="0" name="General Testing" tests="3" failures="1" timestamp="2021-02-14T21:11:42 IST" time="36.313" errors="0">
  <testcase name="category_option_in_ascending_order_test" time="0.507" classname="com.dezlearn.tests.Ebay_Advanced_Search_Sanity">
    <failure type="java.lang.AssertionError" message="Verify category itmes sorted expected [true] but found [false]">
      <![CDATA[java.lang.AssertionError: Verify category itmes sorted expected [true] but found [false]
at com.dezlearn.tests.Ebay_Advanced_Search_Sanity.category_option_in_ascending_order_test(Ebay_Advanced_Search_Sanity.java:140)
at java.util.ArrayList.forEach(Unknown Source)
... Removed 30 stack frames]]>
    </failure>
  </testcase> <!-- category_option_in_ascending_order_test -->
  <testcase name="empty_search_test" time="5.257" classname="com.dezlearn.tests.Ebay_Advanced_Search_Sanity"/>
  <testcase name="empty_search_test_softassert" time="5.697" classname="com.dezlearn.tests.Ebay_Advanced_Search_Sanity"/>
</testsuite> <!-- General Testing -->
